CRITICAL - 2024-11-20 00:30:55 --> CodeIgniter\View\Exceptions\ViewException: Invalid file: "layout/main.php"
[Method: GET, Route: medical-records/create]
in SYSTEMPATH\Exceptions\FrameworkException.php on line 41.
 1 SYSTEMPATH\View\View.php(222): CodeIgniter\Exceptions\FrameworkException::forInvalidFile('layout/main.php')
 2 SYSTEMPATH\View\View.php(250): CodeIgniter\View\View->render('layout/main', [], true)
 3 SYSTEMPATH\Common.php(1169): CodeIgniter\View\View->render('medical_records/create', [], true)
 4 APPPATH\Controllers\MedicalRecords.php(29): view('medical_records/create')
 5 SYSTEMPATH\CodeIgniter.php(933): App\Controllers\MedicalRecords->create()
 6 SYSTEMPATH\CodeIgniter.php(509): CodeIgniter\CodeIgniter->runController(Object(App\Controllers\MedicalRecords))
 7 SYSTEMPATH\CodeIgniter.php(355): CodeIgniter\CodeIgniter->handleRequest(null, Object(Config\Cache), false)
 8 SYSTEMPATH\Boot.php(325): CodeIgniter\CodeIgniter->run()
 9 SYSTEMPATH\Boot.php(67): CodeIgniter\Boot::runCodeIgniter(Object(CodeIgniter\CodeIgniter))
10 FCPATH\index.php(56): CodeIgniter\Boot::bootWeb(Object(Config\Paths))
11 SYSTEMPATH\rewrite.php(44): require_once('C:\\laragon\\www\\FINALL\\public\\index.php')
CRITICAL - 2024-11-20 00:32:34 --> CodeIgniter\View\Exceptions\ViewException: Invalid file: "layout/main.php"
[Method: GET, Route: medical-records/create]
in SYSTEMPATH\Exceptions\FrameworkException.php on line 41.
 1 SYSTEMPATH\View\View.php(222): CodeIgniter\Exceptions\FrameworkException::forInvalidFile('layout/main.php')
 2 SYSTEMPATH\View\View.php(250): CodeIgniter\View\View->render('layout/main', [], true)
 3 SYSTEMPATH\Common.php(1169): CodeIgniter\View\View->render('medical_records/create', [], true)
 4 APPPATH\Controllers\MedicalRecords.php(29): view('medical_records/create')
 5 SYSTEMPATH\CodeIgniter.php(933): App\Controllers\MedicalRecords->create()
 6 SYSTEMPATH\CodeIgniter.php(509): CodeIgniter\CodeIgniter->runController(Object(App\Controllers\MedicalRecords))
 7 SYSTEMPATH\CodeIgniter.php(355): CodeIgniter\CodeIgniter->handleRequest(null, Object(Config\Cache), false)
 8 SYSTEMPATH\Boot.php(325): CodeIgniter\CodeIgniter->run()
 9 SYSTEMPATH\Boot.php(67): CodeIgniter\Boot::runCodeIgniter(Object(CodeIgniter\CodeIgniter))
10 FCPATH\index.php(56): CodeIgniter\Boot::bootWeb(Object(Config\Paths))
11 SYSTEMPATH\rewrite.php(44): require_once('C:\\laragon\\www\\FINALL\\public\\index.php')
CRITICAL - 2024-11-20 00:54:56 --> ErrorException: Undefined variable $userCount
[Method: GET, Route: doctordashboard]
in APPPATH\Views\doctordashboard.php on line 52.
 1 APPPATH\Views\doctordashboard.php(52): CodeIgniter\Debug\Exceptions->errorHandler(2, 'Undefined variable $userCount', 'C:\\laragon\\www\\FINALL\\app\\Views\\doctordashboard.php', 52)
 2 SYSTEMPATH\View\View.php(234): include('C:\\laragon\\www\\FINALL\\app\\Views\\doctordashboard.php')
 3 SYSTEMPATH\View\View.php(237): CodeIgniter\View\View->CodeIgniter\View\{closure}()
 4 SYSTEMPATH\Common.php(1169): CodeIgniter\View\View->render('doctordashboard', [], true)
 5 APPPATH\Controllers\DoctorController.php(66): view('doctordashboard', [...])
 6 SYSTEMPATH\CodeIgniter.php(933): App\Controllers\DoctorController->dashboard()
 7 SYSTEMPATH\CodeIgniter.php(509): CodeIgniter\CodeIgniter->runController(Object(App\Controllers\DoctorController))
 8 SYSTEMPATH\CodeIgniter.php(355): CodeIgniter\CodeIgniter->handleRequest(null, Object(Config\Cache), false)
 9 SYSTEMPATH\Boot.php(325): CodeIgniter\CodeIgniter->run()
10 SYSTEMPATH\Boot.php(67): CodeIgniter\Boot::runCodeIgniter(Object(CodeIgniter\CodeIgniter))
11 FCPATH\index.php(56): CodeIgniter\Boot::bootWeb(Object(Config\Paths))
12 SYSTEMPATH\rewrite.php(44): require_once('C:\\laragon\\www\\FINALL\\public\\index.php')
CRITICAL - 2024-11-20 03:44:27 --> ErrorException: Undefined array key "record_date"
[Method: GET, Route: dashboard]
in APPPATH\Views\dashboard.php on line 198.
 1 APPPATH\Views\dashboard.php(198): CodeIgniter\Debug\Exceptions->errorHandler(2, 'Undefined array key "record_date"', 'C:\\laragon\\www\\FINALL\\app\\Views\\dashboard.php', 198)
 2 SYSTEMPATH\View\View.php(234): include('C:\\laragon\\www\\FINALL\\app\\Views\\dashboard.php')
 3 SYSTEMPATH\View\View.php(237): CodeIgniter\View\View->CodeIgniter\View\{closure}()
 4 SYSTEMPATH\Common.php(1169): CodeIgniter\View\View->render('dashboard', [], true)
 5 APPPATH\Controllers\Dashboard.php(24): view('dashboard', [...])
 6 SYSTEMPATH\CodeIgniter.php(933): App\Controllers\Dashboard->index()
 7 SYSTEMPATH\CodeIgniter.php(509): CodeIgniter\CodeIgniter->runController(Object(App\Controllers\Dashboard))
 8 SYSTEMPATH\CodeIgniter.php(355): CodeIgniter\CodeIgniter->handleRequest(null, Object(Config\Cache), false)
 9 SYSTEMPATH\Boot.php(325): CodeIgniter\CodeIgniter->run()
10 SYSTEMPATH\Boot.php(67): CodeIgniter\Boot::runCodeIgniter(Object(CodeIgniter\CodeIgniter))
11 FCPATH\index.php(56): CodeIgniter\Boot::bootWeb(Object(Config\Paths))
12 SYSTEMPATH\rewrite.php(44): require_once('C:\\laragon\\www\\FINALL\\public\\index.php')
CRITICAL - 2024-11-20 03:44:43 --> ErrorException: Undefined array key "record_date"
[Method: GET, Route: dashboard]
in APPPATH\Views\dashboard.php on line 198.
 1 APPPATH\Views\dashboard.php(198): CodeIgniter\Debug\Exceptions->errorHandler(2, 'Undefined array key "record_date"', 'C:\\laragon\\www\\FINALL\\app\\Views\\dashboard.php', 198)
 2 SYSTEMPATH\View\View.php(234): include('C:\\laragon\\www\\FINALL\\app\\Views\\dashboard.php')
 3 SYSTEMPATH\View\View.php(237): CodeIgniter\View\View->CodeIgniter\View\{closure}()
 4 SYSTEMPATH\Common.php(1169): CodeIgniter\View\View->render('dashboard', [], true)
 5 APPPATH\Controllers\Dashboard.php(24): view('dashboard', [...])
 6 SYSTEMPATH\CodeIgniter.php(933): App\Controllers\Dashboard->index()
 7 SYSTEMPATH\CodeIgniter.php(509): CodeIgniter\CodeIgniter->runController(Object(App\Controllers\Dashboard))
 8 SYSTEMPATH\CodeIgniter.php(355): CodeIgniter\CodeIgniter->handleRequest(null, Object(Config\Cache), false)
 9 SYSTEMPATH\Boot.php(325): CodeIgniter\CodeIgniter->run()
10 SYSTEMPATH\Boot.php(67): CodeIgniter\Boot::runCodeIgniter(Object(CodeIgniter\CodeIgniter))
11 FCPATH\index.php(56): CodeIgniter\Boot::bootWeb(Object(Config\Paths))
12 SYSTEMPATH\rewrite.php(44): require_once('C:\\laragon\\www\\FINALL\\public\\index.php')
CRITICAL - 2024-11-20 05:30:33 --> ErrorException: Undefined array key "id"
[Method: GET, Route: doctordashboard]
in APPPATH\Views\doctordashboard.php on line 36.
 1 APPPATH\Views\doctordashboard.php(36): CodeIgniter\Debug\Exceptions->errorHandler(2, 'Undefined array key "id"', 'C:\\laragon\\www\\FINALL\\app\\Views\\doctordashboard.php', 36)
 2 SYSTEMPATH\View\View.php(234): include('C:\\laragon\\www\\FINALL\\app\\Views\\doctordashboard.php')
 3 SYSTEMPATH\View\View.php(237): CodeIgniter\View\View->CodeIgniter\View\{closure}()
 4 SYSTEMPATH\Common.php(1169): CodeIgniter\View\View->render('doctordashboard', [], true)
 5 APPPATH\Controllers\DoctorController.php(66): view('doctordashboard', [...])
 6 SYSTEMPATH\CodeIgniter.php(933): App\Controllers\DoctorController->dashboard()
 7 SYSTEMPATH\CodeIgniter.php(509): CodeIgniter\CodeIgniter->runController(Object(App\Controllers\DoctorController))
 8 SYSTEMPATH\CodeIgniter.php(355): CodeIgniter\CodeIgniter->handleRequest(null, Object(Config\Cache), false)
 9 SYSTEMPATH\Boot.php(325): CodeIgniter\CodeIgniter->run()
10 SYSTEMPATH\Boot.php(67): CodeIgniter\Boot::runCodeIgniter(Object(CodeIgniter\CodeIgniter))
11 FCPATH\index.php(56): CodeIgniter\Boot::bootWeb(Object(Config\Paths))
12 SYSTEMPATH\rewrite.php(44): require_once('C:\\laragon\\www\\FINALL\\public\\index.php')
CRITICAL - 2024-11-20 05:52:16 --> ErrorException: Undefined array key "id"
[Method: GET, Route: doctordashboard]
in APPPATH\Views\doctordashboard.php on line 38.
 1 APPPATH\Views\doctordashboard.php(38): CodeIgniter\Debug\Exceptions->errorHandler(2, 'Undefined array key "id"', 'C:\\laragon\\www\\FINALL\\app\\Views\\doctordashboard.php', 38)
 2 SYSTEMPATH\View\View.php(234): include('C:\\laragon\\www\\FINALL\\app\\Views\\doctordashboard.php')
 3 SYSTEMPATH\View\View.php(237): CodeIgniter\View\View->CodeIgniter\View\{closure}()
 4 SYSTEMPATH\Common.php(1169): CodeIgniter\View\View->render('doctordashboard', [], true)
 5 APPPATH\Controllers\DoctorController.php(66): view('doctordashboard', [...])
 6 SYSTEMPATH\CodeIgniter.php(933): App\Controllers\DoctorController->dashboard()
 7 SYSTEMPATH\CodeIgniter.php(509): CodeIgniter\CodeIgniter->runController(Object(App\Controllers\DoctorController))
 8 SYSTEMPATH\CodeIgniter.php(355): CodeIgniter\CodeIgniter->handleRequest(null, Object(Config\Cache), false)
 9 SYSTEMPATH\Boot.php(325): CodeIgniter\CodeIgniter->run()
10 SYSTEMPATH\Boot.php(67): CodeIgniter\Boot::runCodeIgniter(Object(CodeIgniter\CodeIgniter))
11 FCPATH\index.php(56): CodeIgniter\Boot::bootWeb(Object(Config\Paths))
12 SYSTEMPATH\rewrite.php(44): require_once('C:\\laragon\\www\\FINALL\\public\\index.php')
CRITICAL - 2024-11-20 05:54:43 --> ErrorException: Undefined variable $doctor
[Method: GET, Route: appointment]
in APPPATH\Views\doctordashboard.php on line 92.
 1 APPPATH\Views\doctordashboard.php(92): CodeIgniter\Debug\Exceptions->errorHandler(2, 'Undefined variable $doctor', 'C:\\laragon\\www\\FINALL\\app\\Views\\doctordashboard.php', 92)
 2 SYSTEMPATH\View\View.php(234): include('C:\\laragon\\www\\FINALL\\app\\Views\\doctordashboard.php')
 3 SYSTEMPATH\View\View.php(237): CodeIgniter\View\View->CodeIgniter\View\{closure}()
 4 SYSTEMPATH\Common.php(1169): CodeIgniter\View\View->render('doctordashboard', [], true)
 5 APPPATH\Controllers\Appointments.php(29): view('doctordashboard', [...])
 6 SYSTEMPATH\CodeIgniter.php(933): App\Controllers\Appointments->appointments()
 7 SYSTEMPATH\CodeIgniter.php(509): CodeIgniter\CodeIgniter->runController(Object(App\Controllers\Appointments))
 8 SYSTEMPATH\CodeIgniter.php(355): CodeIgniter\CodeIgniter->handleRequest(null, Object(Config\Cache), false)
 9 SYSTEMPATH\Boot.php(325): CodeIgniter\CodeIgniter->run()
10 SYSTEMPATH\Boot.php(67): CodeIgniter\Boot::runCodeIgniter(Object(CodeIgniter\CodeIgniter))
11 FCPATH\index.php(56): CodeIgniter\Boot::bootWeb(Object(Config\Paths))
12 SYSTEMPATH\rewrite.php(44): require_once('C:\\laragon\\www\\FINALL\\public\\index.php')
CRITICAL - 2024-11-20 05:54:48 --> ErrorException: Undefined variable $doctor
[Method: GET, Route: appointment]
in APPPATH\Views\doctordashboard.php on line 92.
 1 APPPATH\Views\doctordashboard.php(92): CodeIgniter\Debug\Exceptions->errorHandler(2, 'Undefined variable $doctor', 'C:\\laragon\\www\\FINALL\\app\\Views\\doctordashboard.php', 92)
 2 SYSTEMPATH\View\View.php(234): include('C:\\laragon\\www\\FINALL\\app\\Views\\doctordashboard.php')
 3 SYSTEMPATH\View\View.php(237): CodeIgniter\View\View->CodeIgniter\View\{closure}()
 4 SYSTEMPATH\Common.php(1169): CodeIgniter\View\View->render('doctordashboard', [], true)
 5 APPPATH\Controllers\Appointments.php(29): view('doctordashboard', [...])
 6 SYSTEMPATH\CodeIgniter.php(933): App\Controllers\Appointments->appointments()
 7 SYSTEMPATH\CodeIgniter.php(509): CodeIgniter\CodeIgniter->runController(Object(App\Controllers\Appointments))
 8 SYSTEMPATH\CodeIgniter.php(355): CodeIgniter\CodeIgniter->handleRequest(null, Object(Config\Cache), false)
 9 SYSTEMPATH\Boot.php(325): CodeIgniter\CodeIgniter->run()
10 SYSTEMPATH\Boot.php(67): CodeIgniter\Boot::runCodeIgniter(Object(CodeIgniter\CodeIgniter))
11 FCPATH\index.php(56): CodeIgniter\Boot::bootWeb(Object(Config\Paths))
12 SYSTEMPATH\rewrite.php(44): require_once('C:\\laragon\\www\\FINALL\\public\\index.php')
CRITICAL - 2024-11-20 05:59:17 --> ErrorException: Undefined variable $doctor
[Method: GET, Route: appointment]
in APPPATH\Views\doctordashboard.php on line 102.
 1 APPPATH\Views\doctordashboard.php(102): CodeIgniter\Debug\Exceptions->errorHandler(2, 'Undefined variable $doctor', 'C:\\laragon\\www\\FINALL\\app\\Views\\doctordashboard.php', 102)
 2 SYSTEMPATH\View\View.php(234): include('C:\\laragon\\www\\FINALL\\app\\Views\\doctordashboard.php')
 3 SYSTEMPATH\View\View.php(237): CodeIgniter\View\View->CodeIgniter\View\{closure}()
 4 SYSTEMPATH\Common.php(1169): CodeIgniter\View\View->render('doctordashboard', [], true)
 5 APPPATH\Controllers\Appointments.php(29): view('doctordashboard', [...])
 6 SYSTEMPATH\CodeIgniter.php(933): App\Controllers\Appointments->appointments()
 7 SYSTEMPATH\CodeIgniter.php(509): CodeIgniter\CodeIgniter->runController(Object(App\Controllers\Appointments))
 8 SYSTEMPATH\CodeIgniter.php(355): CodeIgniter\CodeIgniter->handleRequest(null, Object(Config\Cache), false)
 9 SYSTEMPATH\Boot.php(325): CodeIgniter\CodeIgniter->run()
10 SYSTEMPATH\Boot.php(67): CodeIgniter\Boot::runCodeIgniter(Object(CodeIgniter\CodeIgniter))
11 FCPATH\index.php(56): CodeIgniter\Boot::bootWeb(Object(Config\Paths))
12 SYSTEMPATH\rewrite.php(44): require_once('C:\\laragon\\www\\FINALL\\public\\index.php')
CRITICAL - 2024-11-20 05:59:53 --> ErrorException: Undefined variable $doctor
[Method: GET, Route: appointment]
in APPPATH\Views\doctordashboard.php on line 102.
 1 APPPATH\Views\doctordashboard.php(102): CodeIgniter\Debug\Exceptions->errorHandler(2, 'Undefined variable $doctor', 'C:\\laragon\\www\\FINALL\\app\\Views\\doctordashboard.php', 102)
 2 SYSTEMPATH\View\View.php(234): include('C:\\laragon\\www\\FINALL\\app\\Views\\doctordashboard.php')
 3 SYSTEMPATH\View\View.php(237): CodeIgniter\View\View->CodeIgniter\View\{closure}()
 4 SYSTEMPATH\Common.php(1169): CodeIgniter\View\View->render('doctordashboard', [], true)
 5 APPPATH\Controllers\Appointments.php(29): view('doctordashboard', [...])
 6 SYSTEMPATH\CodeIgniter.php(933): App\Controllers\Appointments->appointments()
 7 SYSTEMPATH\CodeIgniter.php(509): CodeIgniter\CodeIgniter->runController(Object(App\Controllers\Appointments))
 8 SYSTEMPATH\CodeIgniter.php(355): CodeIgniter\CodeIgniter->handleRequest(null, Object(Config\Cache), false)
 9 SYSTEMPATH\Boot.php(325): CodeIgniter\CodeIgniter->run()
10 SYSTEMPATH\Boot.php(67): CodeIgniter\Boot::runCodeIgniter(Object(CodeIgniter\CodeIgniter))
11 FCPATH\index.php(56): CodeIgniter\Boot::bootWeb(Object(Config\Paths))
12 SYSTEMPATH\rewrite.php(44): require_once('C:\\laragon\\www\\FINALL\\public\\index.php')
CRITICAL - 2024-11-20 06:05:22 --> ErrorException: Undefined array key "name"
[Method: GET, Route: doctordashboard]
in APPPATH\Views\doctordashboard.php on line 128.
 1 APPPATH\Views\doctordashboard.php(128): CodeIgniter\Debug\Exceptions->errorHandler(2, 'Undefined array key "name"', 'C:\\laragon\\www\\FINALL\\app\\Views\\doctordashboard.php', 128)
 2 SYSTEMPATH\View\View.php(234): include('C:\\laragon\\www\\FINALL\\app\\Views\\doctordashboard.php')
 3 SYSTEMPATH\View\View.php(237): CodeIgniter\View\View->CodeIgniter\View\{closure}()
 4 SYSTEMPATH\Common.php(1169): CodeIgniter\View\View->render('doctordashboard', [], true)
 5 APPPATH\Controllers\DoctorController.php(66): view('doctordashboard', [...])
 6 SYSTEMPATH\CodeIgniter.php(933): App\Controllers\DoctorController->dashboard()
 7 SYSTEMPATH\CodeIgniter.php(509): CodeIgniter\CodeIgniter->runController(Object(App\Controllers\DoctorController))
 8 SYSTEMPATH\CodeIgniter.php(355): CodeIgniter\CodeIgniter->handleRequest(null, Object(Config\Cache), false)
 9 SYSTEMPATH\Boot.php(325): CodeIgniter\CodeIgniter->run()
10 SYSTEMPATH\Boot.php(67): CodeIgniter\Boot::runCodeIgniter(Object(CodeIgniter\CodeIgniter))
11 FCPATH\index.php(56): CodeIgniter\Boot::bootWeb(Object(Config\Paths))
12 SYSTEMPATH\rewrite.php(44): require_once('C:\\laragon\\www\\FINALL\\public\\index.php')
CRITICAL - 2024-11-20 06:07:28 --> ErrorException: Undefined variable $doctor
[Method: GET, Route: appointment]
in APPPATH\Views\doctordashboard.php on line 103.
 1 APPPATH\Views\doctordashboard.php(103): CodeIgniter\Debug\Exceptions->errorHandler(2, 'Undefined variable $doctor', 'C:\\laragon\\www\\FINALL\\app\\Views\\doctordashboard.php', 103)
 2 SYSTEMPATH\View\View.php(234): include('C:\\laragon\\www\\FINALL\\app\\Views\\doctordashboard.php')
 3 SYSTEMPATH\View\View.php(237): CodeIgniter\View\View->CodeIgniter\View\{closure}()
 4 SYSTEMPATH\Common.php(1169): CodeIgniter\View\View->render('doctordashboard', [], true)
 5 APPPATH\Controllers\Appointments.php(29): view('doctordashboard', [...])
 6 SYSTEMPATH\CodeIgniter.php(933): App\Controllers\Appointments->appointments()
 7 SYSTEMPATH\CodeIgniter.php(509): CodeIgniter\CodeIgniter->runController(Object(App\Controllers\Appointments))
 8 SYSTEMPATH\CodeIgniter.php(355): CodeIgniter\CodeIgniter->handleRequest(null, Object(Config\Cache), false)
 9 SYSTEMPATH\Boot.php(325): CodeIgniter\CodeIgniter->run()
10 SYSTEMPATH\Boot.php(67): CodeIgniter\Boot::runCodeIgniter(Object(CodeIgniter\CodeIgniter))
11 FCPATH\index.php(56): CodeIgniter\Boot::bootWeb(Object(Config\Paths))
12 SYSTEMPATH\rewrite.php(44): require_once('C:\\laragon\\www\\FINALL\\public\\index.php')
CRITICAL - 2024-11-20 06:23:14 --> ErrorException: Undefined variable $search_query
[Method: GET, Route: medical-records/0]
in APPPATH\Views\medical_records\index.php on line 102.
 1 APPPATH\Views\medical_records\index.php(102): CodeIgniter\Debug\Exceptions->errorHandler(2, 'Undefined variable $search_query', 'C:\\laragon\\www\\FINALL\\app\\Views\\medical_records\\index.php', 102)
 2 SYSTEMPATH\View\View.php(234): include('C:\\laragon\\www\\FINALL\\app\\Views\\medical_records\\index.php')
 3 SYSTEMPATH\View\View.php(237): CodeIgniter\View\View->CodeIgniter\View\{closure}()
 4 SYSTEMPATH\Common.php(1169): CodeIgniter\View\View->render('medical_records/index', [], true)
 5 APPPATH\Controllers\MedicalRecords.php(23): view('medical_records/index', [...])
 6 SYSTEMPATH\CodeIgniter.php(933): App\Controllers\MedicalRecords->index('0')
 7 SYSTEMPATH\CodeIgniter.php(509): CodeIgniter\CodeIgniter->runController(Object(App\Controllers\MedicalRecords))
 8 SYSTEMPATH\CodeIgniter.php(355): CodeIgniter\CodeIgniter->handleRequest(null, Object(Config\Cache), false)
 9 SYSTEMPATH\Boot.php(325): CodeIgniter\CodeIgniter->run()
10 SYSTEMPATH\Boot.php(67): CodeIgniter\Boot::runCodeIgniter(Object(CodeIgniter\CodeIgniter))
11 FCPATH\index.php(56): CodeIgniter\Boot::bootWeb(Object(Config\Paths))
12 SYSTEMPATH\rewrite.php(44): require_once('C:\\laragon\\www\\FINALL\\public\\index.php')
CRITICAL - 2024-11-20 06:43:53 --> ErrorException: Undefined array key "doctor_name"
[Method: GET, Route: dashboard]
in APPPATH\Views\dashboard.php on line 125.
 1 APPPATH\Views\dashboard.php(125): CodeIgniter\Debug\Exceptions->errorHandler(2, 'Undefined array key "doctor_name"', 'C:\\laragon\\www\\FINALL\\app\\Views\\dashboard.php', 125)
 2 SYSTEMPATH\View\View.php(234): include('C:\\laragon\\www\\FINALL\\app\\Views\\dashboard.php')
 3 SYSTEMPATH\View\View.php(237): CodeIgniter\View\View->CodeIgniter\View\{closure}()
 4 SYSTEMPATH\Common.php(1169): CodeIgniter\View\View->render('dashboard', [], true)
 5 APPPATH\Controllers\Dashboard.php(24): view('dashboard', [...])
 6 SYSTEMPATH\CodeIgniter.php(933): App\Controllers\Dashboard->index()
 7 SYSTEMPATH\CodeIgniter.php(509): CodeIgniter\CodeIgniter->runController(Object(App\Controllers\Dashboard))
 8 SYSTEMPATH\CodeIgniter.php(355): CodeIgniter\CodeIgniter->handleRequest(null, Object(Config\Cache), false)
 9 SYSTEMPATH\Boot.php(325): CodeIgniter\CodeIgniter->run()
10 SYSTEMPATH\Boot.php(67): CodeIgniter\Boot::runCodeIgniter(Object(CodeIgniter\CodeIgniter))
11 FCPATH\index.php(56): CodeIgniter\Boot::bootWeb(Object(Config\Paths))
12 SYSTEMPATH\rewrite.php(44): require_once('C:\\laragon\\www\\FINALL\\public\\index.php')
CRITICAL - 2024-11-20 06:45:16 --> ErrorException: Undefined variable $patient
[Method: GET, Route: dashboard]
in APPPATH\Views\dashboard.php on line 100.
 1 APPPATH\Views\dashboard.php(100): CodeIgniter\Debug\Exceptions->errorHandler(2, 'Undefined variable $patient', 'C:\\laragon\\www\\FINALL\\app\\Views\\dashboard.php', 100)
 2 SYSTEMPATH\View\View.php(234): include('C:\\laragon\\www\\FINALL\\app\\Views\\dashboard.php')
 3 SYSTEMPATH\View\View.php(237): CodeIgniter\View\View->CodeIgniter\View\{closure}()
 4 SYSTEMPATH\Common.php(1169): CodeIgniter\View\View->render('dashboard', [], true)
 5 APPPATH\Controllers\Dashboard.php(24): view('dashboard', [...])
 6 SYSTEMPATH\CodeIgniter.php(933): App\Controllers\Dashboard->index()
 7 SYSTEMPATH\CodeIgniter.php(509): CodeIgniter\CodeIgniter->runController(Object(App\Controllers\Dashboard))
 8 SYSTEMPATH\CodeIgniter.php(355): CodeIgniter\CodeIgniter->handleRequest(null, Object(Config\Cache), false)
 9 SYSTEMPATH\Boot.php(325): CodeIgniter\CodeIgniter->run()
10 SYSTEMPATH\Boot.php(67): CodeIgniter\Boot::runCodeIgniter(Object(CodeIgniter\CodeIgniter))
11 FCPATH\index.php(56): CodeIgniter\Boot::bootWeb(Object(Config\Paths))
12 SYSTEMPATH\rewrite.php(44): require_once('C:\\laragon\\www\\FINALL\\public\\index.php')
CRITICAL - 2024-11-20 06:57:05 --> ErrorException: Namespace declaration statement has to be the very first statement or after any declare call in the script
[Method: GET, Route: loginn/]
in APPPATH\Controllers\DoctorController.php on line 4.
 1 [internal function]: CodeIgniter\Debug\Exceptions->shutdownHandler()
CRITICAL - 2024-11-20 06:57:16 --> ErrorException: Namespace declaration statement has to be the very first statement or after any declare call in the script
[Method: GET, Route: loginn]
in APPPATH\Controllers\DoctorController.php on line 4.
 1 [internal function]: CodeIgniter\Debug\Exceptions->shutdownHandler()
CRITICAL - 2024-11-20 06:57:20 --> ErrorException: Namespace declaration statement has to be the very first statement or after any declare call in the script
[Method: GET, Route: loginn]
in APPPATH\Controllers\DoctorController.php on line 4.
 1 [internal function]: CodeIgniter\Debug\Exceptions->shutdownHandler()
CRITICAL - 2024-11-20 06:57:24 --> ErrorException: Namespace declaration statement has to be the very first statement or after any declare call in the script
[Method: GET, Route: loginn]
in APPPATH\Controllers\DoctorController.php on line 4.
 1 [internal function]: CodeIgniter\Debug\Exceptions->shutdownHandler()
CRITICAL - 2024-11-20 07:15:21 --> CodeIgniter\Filters\Exceptions\FilterException: "doctorauth" filter must have a matching alias defined.
[Method: GET, Route: loginn/]
in SYSTEMPATH\Filters\Filters.php on line 778.
 1 SYSTEMPATH\Filters\Filters.php(778): CodeIgniter\Filters\Exceptions\FilterException::forNoAlias('doctorauth')
 2 SYSTEMPATH\Filters\Filters.php(406): CodeIgniter\Filters\Filters->processAliasesToClass('before')
 3 SYSTEMPATH\Filters\Filters.php(181): CodeIgniter\Filters\Filters->initialize('loginn/')
 4 SYSTEMPATH\CodeIgniter.php(481): CodeIgniter\Filters\Filters->run('loginn/', 'before')
 5 SYSTEMPATH\CodeIgniter.php(355): CodeIgniter\CodeIgniter->handleRequest(null, Object(Config\Cache), false)
 6 SYSTEMPATH\Boot.php(325): CodeIgniter\CodeIgniter->run()
 7 SYSTEMPATH\Boot.php(67): CodeIgniter\Boot::runCodeIgniter(Object(CodeIgniter\CodeIgniter))
 8 FCPATH\index.php(56): CodeIgniter\Boot::bootWeb(Object(Config\Paths))
 9 SYSTEMPATH\rewrite.php(44): require_once('C:\\laragon\\www\\FINALL\\public\\index.php')
CRITICAL - 2024-11-20 07:15:22 --> CodeIgniter\Filters\Exceptions\FilterException: "doctorauth" filter must have a matching alias defined.
[Method: GET, Route: loginn]
in SYSTEMPATH\Filters\Filters.php on line 778.
 1 SYSTEMPATH\Filters\Filters.php(778): CodeIgniter\Filters\Exceptions\FilterException::forNoAlias('doctorauth')
 2 SYSTEMPATH\Filters\Filters.php(406): CodeIgniter\Filters\Filters->processAliasesToClass('before')
 3 SYSTEMPATH\Filters\Filters.php(181): CodeIgniter\Filters\Filters->initialize('loginn')
 4 SYSTEMPATH\CodeIgniter.php(481): CodeIgniter\Filters\Filters->run('loginn', 'before')
 5 SYSTEMPATH\CodeIgniter.php(355): CodeIgniter\CodeIgniter->handleRequest(null, Object(Config\Cache), false)
 6 SYSTEMPATH\Boot.php(325): CodeIgniter\CodeIgniter->run()
 7 SYSTEMPATH\Boot.php(67): CodeIgniter\Boot::runCodeIgniter(Object(CodeIgniter\CodeIgniter))
 8 FCPATH\index.php(56): CodeIgniter\Boot::bootWeb(Object(Config\Paths))
 9 SYSTEMPATH\rewrite.php(44): require_once('C:\\laragon\\www\\FINALL\\public\\index.php')
CRITICAL - 2024-11-20 07:15:22 --> CodeIgniter\Filters\Exceptions\FilterException: "doctorauth" filter must have a matching alias defined.
[Method: GET, Route: loginn]
in SYSTEMPATH\Filters\Filters.php on line 778.
 1 SYSTEMPATH\Filters\Filters.php(778): CodeIgniter\Filters\Exceptions\FilterException::forNoAlias('doctorauth')
 2 SYSTEMPATH\Filters\Filters.php(406): CodeIgniter\Filters\Filters->processAliasesToClass('before')
 3 SYSTEMPATH\Filters\Filters.php(181): CodeIgniter\Filters\Filters->initialize('loginn')
 4 SYSTEMPATH\CodeIgniter.php(481): CodeIgniter\Filters\Filters->run('loginn', 'before')
 5 SYSTEMPATH\CodeIgniter.php(355): CodeIgniter\CodeIgniter->handleRequest(null, Object(Config\Cache), false)
 6 SYSTEMPATH\Boot.php(325): CodeIgniter\CodeIgniter->run()
 7 SYSTEMPATH\Boot.php(67): CodeIgniter\Boot::runCodeIgniter(Object(CodeIgniter\CodeIgniter))
 8 FCPATH\index.php(56): CodeIgniter\Boot::bootWeb(Object(Config\Paths))
 9 SYSTEMPATH\rewrite.php(44): require_once('C:\\laragon\\www\\FINALL\\public\\index.php')
ERROR - 2024-11-20 07:20:33 --> mysqli_sql_exception: Cannot add or update a child row: a foreign key constraint fails (`hospital_management`.`medical_records`, CONSTRAINT `medical_records_ibfk_2` FOREIGN KEY (`doctor_id`) REFERENCES `doctors` (`id`)) in C:\laragon\www\FINALL\system\Database\MySQLi\Connection.php:312
Stack trace:
#0 C:\laragon\www\FINALL\system\Database\MySQLi\Connection.php(312): mysqli->query('INSERT INTO `me...', 0)
#1 C:\laragon\www\FINALL\system\Database\BaseConnection.php(734): CodeIgniter\Database\MySQLi\Connection->execute('INSERT INTO `me...')
#2 C:\laragon\www\FINALL\system\Database\BaseConnection.php(648): CodeIgniter\Database\BaseConnection->simpleQuery('INSERT INTO `me...')
#3 C:\laragon\www\FINALL\system\Database\BaseBuilder.php(2340): CodeIgniter\Database\BaseConnection->query('INSERT INTO `me...', Array, false)
#4 C:\laragon\www\FINALL\system\Model.php(394): CodeIgniter\Database\BaseBuilder->insert()
#5 C:\laragon\www\FINALL\system\BaseModel.php(840): CodeIgniter\Model->doInsert(Array)
#6 C:\laragon\www\FINALL\system\Model.php(802): CodeIgniter\BaseModel->insert(Array, false)
#7 C:\laragon\www\FINALL\system\BaseModel.php(751): CodeIgniter\Model->insert(Array, false)
#8 C:\laragon\www\FINALL\app\Controllers\MedicalRecords.php(43): CodeIgniter\BaseModel->save(Array)
#9 C:\laragon\www\FINALL\system\CodeIgniter.php(933): App\Controllers\MedicalRecords->store()
#10 C:\laragon\www\FINALL\system\CodeIgniter.php(509): CodeIgniter\CodeIgniter->runController(Object(App\Controllers\MedicalRecords))
#11 C:\laragon\www\FINALL\system\CodeIgniter.php(355): CodeIgniter\CodeIgniter->handleRequest(NULL, Object(Config\Cache), false)
#12 C:\laragon\www\FINALL\system\Boot.php(325): CodeIgniter\CodeIgniter->run()
#13 C:\laragon\www\FINALL\system\Boot.php(67): CodeIgniter\Boot::runCodeIgniter(Object(CodeIgniter\CodeIgniter))
#14 C:\laragon\www\FINALL\public\index.php(56): CodeIgniter\Boot::bootWeb(Object(Config\Paths))
#15 C:\laragon\www\FINALL\system\rewrite.php(44): require_once('C:\\laragon\\www\\...')
#16 {main}
CRITICAL - 2024-11-20 07:20:33 --> CodeIgniter\Database\Exceptions\DatabaseException: Cannot add or update a child row: a foreign key constraint fails (`hospital_management`.`medical_records`, CONSTRAINT `medical_records_ibfk_2` FOREIGN KEY (`doctor_id`) REFERENCES `doctors` (`id`))
[Method: POST, Route: medical-records/store]
in SYSTEMPATH\Database\BaseConnection.php on line 688.
 1 SYSTEMPATH\Database\BaseBuilder.php(2340): CodeIgniter\Database\BaseConnection->query('INSERT INTO `medical_records` (`patient_id`, `date`, `file`) VALUES (:patient_id:, :date:, :file:)', [...], false)
 2 SYSTEMPATH\Model.php(394): CodeIgniter\Database\BaseBuilder->insert()
 3 SYSTEMPATH\BaseModel.php(840): CodeIgniter\Model->doInsert([...])
 4 SYSTEMPATH\Model.php(802): CodeIgniter\BaseModel->insert([...], false)
 5 SYSTEMPATH\BaseModel.php(751): CodeIgniter\Model->insert([...], false)
 6 APPPATH\Controllers\MedicalRecords.php(43): CodeIgniter\BaseModel->save([...])
 7 SYSTEMPATH\CodeIgniter.php(933): App\Controllers\MedicalRecords->store()
 8 SYSTEMPATH\CodeIgniter.php(509): CodeIgniter\CodeIgniter->runController(Object(App\Controllers\MedicalRecords))
 9 SYSTEMPATH\CodeIgniter.php(355): CodeIgniter\CodeIgniter->handleRequest(null, Object(Config\Cache), false)
10 SYSTEMPATH\Boot.php(325): CodeIgniter\CodeIgniter->run()
11 SYSTEMPATH\Boot.php(67): CodeIgniter\Boot::runCodeIgniter(Object(CodeIgniter\CodeIgniter))
12 FCPATH\index.php(56): CodeIgniter\Boot::bootWeb(Object(Config\Paths))
13 SYSTEMPATH\rewrite.php(44): require_once('C:\\laragon\\www\\FINALL\\public\\index.php')
CRITICAL - 2024-11-20 07:20:33 --> [Caused by] CodeIgniter\Database\Exceptions\DatabaseException: Cannot add or update a child row: a foreign key constraint fails (`hospital_management`.`medical_records`, CONSTRAINT `medical_records_ibfk_2` FOREIGN KEY (`doctor_id`) REFERENCES `doctors` (`id`))
in SYSTEMPATH\Database\MySQLi\Connection.php on line 317.
 1 SYSTEMPATH\Database\BaseConnection.php(734): CodeIgniter\Database\MySQLi\Connection->execute('INSERT INTO `medical_records` (`patient_id`, `date`, `file`) VALUES (\'11\', \'2024-11-21\', \'1732087233_239b91297eade663cce6.docx\')')
 2 SYSTEMPATH\Database\BaseConnection.php(648): CodeIgniter\Database\BaseConnection->simpleQuery('INSERT INTO `medical_records` (`patient_id`, `date`, `file`) VALUES (\'11\', \'2024-11-21\', \'1732087233_239b91297eade663cce6.docx\')')
 3 SYSTEMPATH\Database\BaseBuilder.php(2340): CodeIgniter\Database\BaseConnection->query('INSERT INTO `medical_records` (`patient_id`, `date`, `file`) VALUES (:patient_id:, :date:, :file:)', [...], false)
 4 SYSTEMPATH\Model.php(394): CodeIgniter\Database\BaseBuilder->insert()
 5 SYSTEMPATH\BaseModel.php(840): CodeIgniter\Model->doInsert([...])
 6 SYSTEMPATH\Model.php(802): CodeIgniter\BaseModel->insert([...], false)
 7 SYSTEMPATH\BaseModel.php(751): CodeIgniter\Model->insert([...], false)
 8 APPPATH\Controllers\MedicalRecords.php(43): CodeIgniter\BaseModel->save([...])
 9 SYSTEMPATH\CodeIgniter.php(933): App\Controllers\MedicalRecords->store()
10 SYSTEMPATH\CodeIgniter.php(509): CodeIgniter\CodeIgniter->runController(Object(App\Controllers\MedicalRecords))
11 SYSTEMPATH\CodeIgniter.php(355): CodeIgniter\CodeIgniter->handleRequest(null, Object(Config\Cache), false)
12 SYSTEMPATH\Boot.php(325): CodeIgniter\CodeIgniter->run()
13 SYSTEMPATH\Boot.php(67): CodeIgniter\Boot::runCodeIgniter(Object(CodeIgniter\CodeIgniter))
14 FCPATH\index.php(56): CodeIgniter\Boot::bootWeb(Object(Config\Paths))
15 SYSTEMPATH\rewrite.php(44): require_once('C:\\laragon\\www\\FINALL\\public\\index.php')
CRITICAL - 2024-11-20 07:20:33 --> [Caused by] mysqli_sql_exception: Cannot add or update a child row: a foreign key constraint fails (`hospital_management`.`medical_records`, CONSTRAINT `medical_records_ibfk_2` FOREIGN KEY (`doctor_id`) REFERENCES `doctors` (`id`))
in SYSTEMPATH\Database\MySQLi\Connection.php on line 312.
 1 SYSTEMPATH\Database\MySQLi\Connection.php(312): mysqli->query('INSERT INTO `medical_records` (`patient_id`, `date`, `file`) VALUES (\'11\', \'2024-11-21\', \'1732087233_239b91297eade663cce6.docx\')', 0)
 2 SYSTEMPATH\Database\BaseConnection.php(734): CodeIgniter\Database\MySQLi\Connection->execute('INSERT INTO `medical_records` (`patient_id`, `date`, `file`) VALUES (\'11\', \'2024-11-21\', \'1732087233_239b91297eade663cce6.docx\')')
 3 SYSTEMPATH\Database\BaseConnection.php(648): CodeIgniter\Database\BaseConnection->simpleQuery('INSERT INTO `medical_records` (`patient_id`, `date`, `file`) VALUES (\'11\', \'2024-11-21\', \'1732087233_239b91297eade663cce6.docx\')')
 4 SYSTEMPATH\Database\BaseBuilder.php(2340): CodeIgniter\Database\BaseConnection->query('INSERT INTO `medical_records` (`patient_id`, `date`, `file`) VALUES (:patient_id:, :date:, :file:)', [...], false)
 5 SYSTEMPATH\Model.php(394): CodeIgniter\Database\BaseBuilder->insert()
 6 SYSTEMPATH\BaseModel.php(840): CodeIgniter\Model->doInsert([...])
 7 SYSTEMPATH\Model.php(802): CodeIgniter\BaseModel->insert([...], false)
 8 SYSTEMPATH\BaseModel.php(751): CodeIgniter\Model->insert([...], false)
 9 APPPATH\Controllers\MedicalRecords.php(43): CodeIgniter\BaseModel->save([...])
10 SYSTEMPATH\CodeIgniter.php(933): App\Controllers\MedicalRecords->store()
11 SYSTEMPATH\CodeIgniter.php(509): CodeIgniter\CodeIgniter->runController(Object(App\Controllers\MedicalRecords))
12 SYSTEMPATH\CodeIgniter.php(355): CodeIgniter\CodeIgniter->handleRequest(null, Object(Config\Cache), false)
13 SYSTEMPATH\Boot.php(325): CodeIgniter\CodeIgniter->run()
14 SYSTEMPATH\Boot.php(67): CodeIgniter\Boot::runCodeIgniter(Object(CodeIgniter\CodeIgniter))
15 FCPATH\index.php(56): CodeIgniter\Boot::bootWeb(Object(Config\Paths))
16 SYSTEMPATH\rewrite.php(44): require_once('C:\\laragon\\www\\FINALL\\public\\index.php')
ERROR - 2024-11-20 07:21:03 --> mysqli_sql_exception: Cannot add or update a child row: a foreign key constraint fails (`hospital_management`.`medical_records`, CONSTRAINT `medical_records_ibfk_2` FOREIGN KEY (`doctor_id`) REFERENCES `doctors` (`id`)) in C:\laragon\www\FINALL\system\Database\MySQLi\Connection.php:312
Stack trace:
#0 C:\laragon\www\FINALL\system\Database\MySQLi\Connection.php(312): mysqli->query('INSERT INTO `me...', 0)
#1 C:\laragon\www\FINALL\system\Database\BaseConnection.php(734): CodeIgniter\Database\MySQLi\Connection->execute('INSERT INTO `me...')
#2 C:\laragon\www\FINALL\system\Database\BaseConnection.php(648): CodeIgniter\Database\BaseConnection->simpleQuery('INSERT INTO `me...')
#3 C:\laragon\www\FINALL\system\Database\BaseBuilder.php(2340): CodeIgniter\Database\BaseConnection->query('INSERT INTO `me...', Array, false)
#4 C:\laragon\www\FINALL\system\Model.php(394): CodeIgniter\Database\BaseBuilder->insert()
#5 C:\laragon\www\FINALL\system\BaseModel.php(840): CodeIgniter\Model->doInsert(Array)
#6 C:\laragon\www\FINALL\system\Model.php(802): CodeIgniter\BaseModel->insert(Array, false)
#7 C:\laragon\www\FINALL\system\BaseModel.php(751): CodeIgniter\Model->insert(Array, false)
#8 C:\laragon\www\FINALL\app\Controllers\MedicalRecords.php(43): CodeIgniter\BaseModel->save(Array)
#9 C:\laragon\www\FINALL\system\CodeIgniter.php(933): App\Controllers\MedicalRecords->store()
#10 C:\laragon\www\FINALL\system\CodeIgniter.php(509): CodeIgniter\CodeIgniter->runController(Object(App\Controllers\MedicalRecords))
#11 C:\laragon\www\FINALL\system\CodeIgniter.php(355): CodeIgniter\CodeIgniter->handleRequest(NULL, Object(Config\Cache), false)
#12 C:\laragon\www\FINALL\system\Boot.php(325): CodeIgniter\CodeIgniter->run()
#13 C:\laragon\www\FINALL\system\Boot.php(67): CodeIgniter\Boot::runCodeIgniter(Object(CodeIgniter\CodeIgniter))
#14 C:\laragon\www\FINALL\public\index.php(56): CodeIgniter\Boot::bootWeb(Object(Config\Paths))
#15 C:\laragon\www\FINALL\system\rewrite.php(44): require_once('C:\\laragon\\www\\...')
#16 {main}
CRITICAL - 2024-11-20 07:21:03 --> CodeIgniter\Database\Exceptions\DatabaseException: Cannot add or update a child row: a foreign key constraint fails (`hospital_management`.`medical_records`, CONSTRAINT `medical_records_ibfk_2` FOREIGN KEY (`doctor_id`) REFERENCES `doctors` (`id`))
[Method: POST, Route: medical-records/store]
in SYSTEMPATH\Database\BaseConnection.php on line 688.
 1 SYSTEMPATH\Database\BaseBuilder.php(2340): CodeIgniter\Database\BaseConnection->query('INSERT INTO `medical_records` (`patient_id`, `date`, `file`) VALUES (:patient_id:, :date:, :file:)', [...], false)
 2 SYSTEMPATH\Model.php(394): CodeIgniter\Database\BaseBuilder->insert()
 3 SYSTEMPATH\BaseModel.php(840): CodeIgniter\Model->doInsert([...])
 4 SYSTEMPATH\Model.php(802): CodeIgniter\BaseModel->insert([...], false)
 5 SYSTEMPATH\BaseModel.php(751): CodeIgniter\Model->insert([...], false)
 6 APPPATH\Controllers\MedicalRecords.php(43): CodeIgniter\BaseModel->save([...])
 7 SYSTEMPATH\CodeIgniter.php(933): App\Controllers\MedicalRecords->store()
 8 SYSTEMPATH\CodeIgniter.php(509): CodeIgniter\CodeIgniter->runController(Object(App\Controllers\MedicalRecords))
 9 SYSTEMPATH\CodeIgniter.php(355): CodeIgniter\CodeIgniter->handleRequest(null, Object(Config\Cache), false)
10 SYSTEMPATH\Boot.php(325): CodeIgniter\CodeIgniter->run()
11 SYSTEMPATH\Boot.php(67): CodeIgniter\Boot::runCodeIgniter(Object(CodeIgniter\CodeIgniter))
12 FCPATH\index.php(56): CodeIgniter\Boot::bootWeb(Object(Config\Paths))
13 SYSTEMPATH\rewrite.php(44): require_once('C:\\laragon\\www\\FINALL\\public\\index.php')
CRITICAL - 2024-11-20 07:21:03 --> [Caused by] CodeIgniter\Database\Exceptions\DatabaseException: Cannot add or update a child row: a foreign key constraint fails (`hospital_management`.`medical_records`, CONSTRAINT `medical_records_ibfk_2` FOREIGN KEY (`doctor_id`) REFERENCES `doctors` (`id`))
in SYSTEMPATH\Database\MySQLi\Connection.php on line 317.
 1 SYSTEMPATH\Database\BaseConnection.php(734): CodeIgniter\Database\MySQLi\Connection->execute('INSERT INTO `medical_records` (`patient_id`, `date`, `file`) VALUES (\'11\', \'2024-11-21\', \'1732087263_2d6a8de39baef4cb9e0f.docx\')')
 2 SYSTEMPATH\Database\BaseConnection.php(648): CodeIgniter\Database\BaseConnection->simpleQuery('INSERT INTO `medical_records` (`patient_id`, `date`, `file`) VALUES (\'11\', \'2024-11-21\', \'1732087263_2d6a8de39baef4cb9e0f.docx\')')
 3 SYSTEMPATH\Database\BaseBuilder.php(2340): CodeIgniter\Database\BaseConnection->query('INSERT INTO `medical_records` (`patient_id`, `date`, `file`) VALUES (:patient_id:, :date:, :file:)', [...], false)
 4 SYSTEMPATH\Model.php(394): CodeIgniter\Database\BaseBuilder->insert()
 5 SYSTEMPATH\BaseModel.php(840): CodeIgniter\Model->doInsert([...])
 6 SYSTEMPATH\Model.php(802): CodeIgniter\BaseModel->insert([...], false)
 7 SYSTEMPATH\BaseModel.php(751): CodeIgniter\Model->insert([...], false)
 8 APPPATH\Controllers\MedicalRecords.php(43): CodeIgniter\BaseModel->save([...])
 9 SYSTEMPATH\CodeIgniter.php(933): App\Controllers\MedicalRecords->store()
10 SYSTEMPATH\CodeIgniter.php(509): CodeIgniter\CodeIgniter->runController(Object(App\Controllers\MedicalRecords))
11 SYSTEMPATH\CodeIgniter.php(355): CodeIgniter\CodeIgniter->handleRequest(null, Object(Config\Cache), false)
12 SYSTEMPATH\Boot.php(325): CodeIgniter\CodeIgniter->run()
13 SYSTEMPATH\Boot.php(67): CodeIgniter\Boot::runCodeIgniter(Object(CodeIgniter\CodeIgniter))
14 FCPATH\index.php(56): CodeIgniter\Boot::bootWeb(Object(Config\Paths))
15 SYSTEMPATH\rewrite.php(44): require_once('C:\\laragon\\www\\FINALL\\public\\index.php')
CRITICAL - 2024-11-20 07:21:03 --> [Caused by] mysqli_sql_exception: Cannot add or update a child row: a foreign key constraint fails (`hospital_management`.`medical_records`, CONSTRAINT `medical_records_ibfk_2` FOREIGN KEY (`doctor_id`) REFERENCES `doctors` (`id`))
in SYSTEMPATH\Database\MySQLi\Connection.php on line 312.
 1 SYSTEMPATH\Database\MySQLi\Connection.php(312): mysqli->query('INSERT INTO `medical_records` (`patient_id`, `date`, `file`) VALUES (\'11\', \'2024-11-21\', \'1732087263_2d6a8de39baef4cb9e0f.docx\')', 0)
 2 SYSTEMPATH\Database\BaseConnection.php(734): CodeIgniter\Database\MySQLi\Connection->execute('INSERT INTO `medical_records` (`patient_id`, `date`, `file`) VALUES (\'11\', \'2024-11-21\', \'1732087263_2d6a8de39baef4cb9e0f.docx\')')
 3 SYSTEMPATH\Database\BaseConnection.php(648): CodeIgniter\Database\BaseConnection->simpleQuery('INSERT INTO `medical_records` (`patient_id`, `date`, `file`) VALUES (\'11\', \'2024-11-21\', \'1732087263_2d6a8de39baef4cb9e0f.docx\')')
 4 SYSTEMPATH\Database\BaseBuilder.php(2340): CodeIgniter\Database\BaseConnection->query('INSERT INTO `medical_records` (`patient_id`, `date`, `file`) VALUES (:patient_id:, :date:, :file:)', [...], false)
 5 SYSTEMPATH\Model.php(394): CodeIgniter\Database\BaseBuilder->insert()
 6 SYSTEMPATH\BaseModel.php(840): CodeIgniter\Model->doInsert([...])
 7 SYSTEMPATH\Model.php(802): CodeIgniter\BaseModel->insert([...], false)
 8 SYSTEMPATH\BaseModel.php(751): CodeIgniter\Model->insert([...], false)
 9 APPPATH\Controllers\MedicalRecords.php(43): CodeIgniter\BaseModel->save([...])
10 SYSTEMPATH\CodeIgniter.php(933): App\Controllers\MedicalRecords->store()
11 SYSTEMPATH\CodeIgniter.php(509): CodeIgniter\CodeIgniter->runController(Object(App\Controllers\MedicalRecords))
12 SYSTEMPATH\CodeIgniter.php(355): CodeIgniter\CodeIgniter->handleRequest(null, Object(Config\Cache), false)
13 SYSTEMPATH\Boot.php(325): CodeIgniter\CodeIgniter->run()
14 SYSTEMPATH\Boot.php(67): CodeIgniter\Boot::runCodeIgniter(Object(CodeIgniter\CodeIgniter))
15 FCPATH\index.php(56): CodeIgniter\Boot::bootWeb(Object(Config\Paths))
16 SYSTEMPATH\rewrite.php(44): require_once('C:\\laragon\\www\\FINALL\\public\\index.php')
ERROR - 2024-11-20 07:22:49 --> mysqli_sql_exception: Cannot add or update a child row: a foreign key constraint fails (`hospital_management`.`medical_records`, CONSTRAINT `medical_records_ibfk_2` FOREIGN KEY (`doctor_id`) REFERENCES `doctors` (`id`)) in C:\laragon\www\FINALL\system\Database\MySQLi\Connection.php:312
Stack trace:
#0 C:\laragon\www\FINALL\system\Database\MySQLi\Connection.php(312): mysqli->query('INSERT INTO `me...', 0)
#1 C:\laragon\www\FINALL\system\Database\BaseConnection.php(734): CodeIgniter\Database\MySQLi\Connection->execute('INSERT INTO `me...')
#2 C:\laragon\www\FINALL\system\Database\BaseConnection.php(648): CodeIgniter\Database\BaseConnection->simpleQuery('INSERT INTO `me...')
#3 C:\laragon\www\FINALL\system\Database\BaseBuilder.php(2340): CodeIgniter\Database\BaseConnection->query('INSERT INTO `me...', Array, false)
#4 C:\laragon\www\FINALL\system\Model.php(394): CodeIgniter\Database\BaseBuilder->insert()
#5 C:\laragon\www\FINALL\system\BaseModel.php(840): CodeIgniter\Model->doInsert(Array)
#6 C:\laragon\www\FINALL\system\Model.php(802): CodeIgniter\BaseModel->insert(Array, false)
#7 C:\laragon\www\FINALL\system\BaseModel.php(751): CodeIgniter\Model->insert(Array, false)
#8 C:\laragon\www\FINALL\app\Controllers\MedicalRecords.php(43): CodeIgniter\BaseModel->save(Array)
#9 C:\laragon\www\FINALL\system\CodeIgniter.php(933): App\Controllers\MedicalRecords->store()
#10 C:\laragon\www\FINALL\system\CodeIgniter.php(509): CodeIgniter\CodeIgniter->runController(Object(App\Controllers\MedicalRecords))
#11 C:\laragon\www\FINALL\system\CodeIgniter.php(355): CodeIgniter\CodeIgniter->handleRequest(NULL, Object(Config\Cache), false)
#12 C:\laragon\www\FINALL\system\Boot.php(325): CodeIgniter\CodeIgniter->run()
#13 C:\laragon\www\FINALL\system\Boot.php(67): CodeIgniter\Boot::runCodeIgniter(Object(CodeIgniter\CodeIgniter))
#14 C:\laragon\www\FINALL\public\index.php(56): CodeIgniter\Boot::bootWeb(Object(Config\Paths))
#15 C:\laragon\www\FINALL\system\rewrite.php(44): require_once('C:\\laragon\\www\\...')
#16 {main}
CRITICAL - 2024-11-20 07:22:49 --> CodeIgniter\Database\Exceptions\DatabaseException: Cannot add or update a child row: a foreign key constraint fails (`hospital_management`.`medical_records`, CONSTRAINT `medical_records_ibfk_2` FOREIGN KEY (`doctor_id`) REFERENCES `doctors` (`id`))
[Method: POST, Route: medical-records/store]
in SYSTEMPATH\Database\BaseConnection.php on line 688.
 1 SYSTEMPATH\Database\BaseBuilder.php(2340): CodeIgniter\Database\BaseConnection->query('INSERT INTO `medical_records` (`patient_id`, `date`, `file`) VALUES (:patient_id:, :date:, :file:)', [...], false)
 2 SYSTEMPATH\Model.php(394): CodeIgniter\Database\BaseBuilder->insert()
 3 SYSTEMPATH\BaseModel.php(840): CodeIgniter\Model->doInsert([...])
 4 SYSTEMPATH\Model.php(802): CodeIgniter\BaseModel->insert([...], false)
 5 SYSTEMPATH\BaseModel.php(751): CodeIgniter\Model->insert([...], false)
 6 APPPATH\Controllers\MedicalRecords.php(43): CodeIgniter\BaseModel->save([...])
 7 SYSTEMPATH\CodeIgniter.php(933): App\Controllers\MedicalRecords->store()
 8 SYSTEMPATH\CodeIgniter.php(509): CodeIgniter\CodeIgniter->runController(Object(App\Controllers\MedicalRecords))
 9 SYSTEMPATH\CodeIgniter.php(355): CodeIgniter\CodeIgniter->handleRequest(null, Object(Config\Cache), false)
10 SYSTEMPATH\Boot.php(325): CodeIgniter\CodeIgniter->run()
11 SYSTEMPATH\Boot.php(67): CodeIgniter\Boot::runCodeIgniter(Object(CodeIgniter\CodeIgniter))
12 FCPATH\index.php(56): CodeIgniter\Boot::bootWeb(Object(Config\Paths))
13 SYSTEMPATH\rewrite.php(44): require_once('C:\\laragon\\www\\FINALL\\public\\index.php')
CRITICAL - 2024-11-20 07:22:49 --> [Caused by] CodeIgniter\Database\Exceptions\DatabaseException: Cannot add or update a child row: a foreign key constraint fails (`hospital_management`.`medical_records`, CONSTRAINT `medical_records_ibfk_2` FOREIGN KEY (`doctor_id`) REFERENCES `doctors` (`id`))
in SYSTEMPATH\Database\MySQLi\Connection.php on line 317.
 1 SYSTEMPATH\Database\BaseConnection.php(734): CodeIgniter\Database\MySQLi\Connection->execute('INSERT INTO `medical_records` (`patient_id`, `date`, `file`) VALUES (\'11\', \'2024-11-21\', \'1732087369_88ae9cd8e15e81af0fda.docx\')')
 2 SYSTEMPATH\Database\BaseConnection.php(648): CodeIgniter\Database\BaseConnection->simpleQuery('INSERT INTO `medical_records` (`patient_id`, `date`, `file`) VALUES (\'11\', \'2024-11-21\', \'1732087369_88ae9cd8e15e81af0fda.docx\')')
 3 SYSTEMPATH\Database\BaseBuilder.php(2340): CodeIgniter\Database\BaseConnection->query('INSERT INTO `medical_records` (`patient_id`, `date`, `file`) VALUES (:patient_id:, :date:, :file:)', [...], false)
 4 SYSTEMPATH\Model.php(394): CodeIgniter\Database\BaseBuilder->insert()
 5 SYSTEMPATH\BaseModel.php(840): CodeIgniter\Model->doInsert([...])
 6 SYSTEMPATH\Model.php(802): CodeIgniter\BaseModel->insert([...], false)
 7 SYSTEMPATH\BaseModel.php(751): CodeIgniter\Model->insert([...], false)
 8 APPPATH\Controllers\MedicalRecords.php(43): CodeIgniter\BaseModel->save([...])
 9 SYSTEMPATH\CodeIgniter.php(933): App\Controllers\MedicalRecords->store()
10 SYSTEMPATH\CodeIgniter.php(509): CodeIgniter\CodeIgniter->runController(Object(App\Controllers\MedicalRecords))
11 SYSTEMPATH\CodeIgniter.php(355): CodeIgniter\CodeIgniter->handleRequest(null, Object(Config\Cache), false)
12 SYSTEMPATH\Boot.php(325): CodeIgniter\CodeIgniter->run()
13 SYSTEMPATH\Boot.php(67): CodeIgniter\Boot::runCodeIgniter(Object(CodeIgniter\CodeIgniter))
14 FCPATH\index.php(56): CodeIgniter\Boot::bootWeb(Object(Config\Paths))
15 SYSTEMPATH\rewrite.php(44): require_once('C:\\laragon\\www\\FINALL\\public\\index.php')
CRITICAL - 2024-11-20 07:22:49 --> [Caused by] mysqli_sql_exception: Cannot add or update a child row: a foreign key constraint fails (`hospital_management`.`medical_records`, CONSTRAINT `medical_records_ibfk_2` FOREIGN KEY (`doctor_id`) REFERENCES `doctors` (`id`))
in SYSTEMPATH\Database\MySQLi\Connection.php on line 312.
 1 SYSTEMPATH\Database\MySQLi\Connection.php(312): mysqli->query('INSERT INTO `medical_records` (`patient_id`, `date`, `file`) VALUES (\'11\', \'2024-11-21\', \'1732087369_88ae9cd8e15e81af0fda.docx\')', 0)
 2 SYSTEMPATH\Database\BaseConnection.php(734): CodeIgniter\Database\MySQLi\Connection->execute('INSERT INTO `medical_records` (`patient_id`, `date`, `file`) VALUES (\'11\', \'2024-11-21\', \'1732087369_88ae9cd8e15e81af0fda.docx\')')
 3 SYSTEMPATH\Database\BaseConnection.php(648): CodeIgniter\Database\BaseConnection->simpleQuery('INSERT INTO `medical_records` (`patient_id`, `date`, `file`) VALUES (\'11\', \'2024-11-21\', \'1732087369_88ae9cd8e15e81af0fda.docx\')')
 4 SYSTEMPATH\Database\BaseBuilder.php(2340): CodeIgniter\Database\BaseConnection->query('INSERT INTO `medical_records` (`patient_id`, `date`, `file`) VALUES (:patient_id:, :date:, :file:)', [...], false)
 5 SYSTEMPATH\Model.php(394): CodeIgniter\Database\BaseBuilder->insert()
 6 SYSTEMPATH\BaseModel.php(840): CodeIgniter\Model->doInsert([...])
 7 SYSTEMPATH\Model.php(802): CodeIgniter\BaseModel->insert([...], false)
 8 SYSTEMPATH\BaseModel.php(751): CodeIgniter\Model->insert([...], false)
 9 APPPATH\Controllers\MedicalRecords.php(43): CodeIgniter\BaseModel->save([...])
10 SYSTEMPATH\CodeIgniter.php(933): App\Controllers\MedicalRecords->store()
11 SYSTEMPATH\CodeIgniter.php(509): CodeIgniter\CodeIgniter->runController(Object(App\Controllers\MedicalRecords))
12 SYSTEMPATH\CodeIgniter.php(355): CodeIgniter\CodeIgniter->handleRequest(null, Object(Config\Cache), false)
13 SYSTEMPATH\Boot.php(325): CodeIgniter\CodeIgniter->run()
14 SYSTEMPATH\Boot.php(67): CodeIgniter\Boot::runCodeIgniter(Object(CodeIgniter\CodeIgniter))
15 FCPATH\index.php(56): CodeIgniter\Boot::bootWeb(Object(Config\Paths))
16 SYSTEMPATH\rewrite.php(44): require_once('C:\\laragon\\www\\FINALL\\public\\index.php')
ERROR - 2024-11-20 07:24:10 --> mysqli_sql_exception: Cannot add or update a child row: a foreign key constraint fails (`hospital_management`.`medical_records`, CONSTRAINT `medical_records_ibfk_2` FOREIGN KEY (`doctor_id`) REFERENCES `doctors` (`id`)) in C:\laragon\www\FINALL\system\Database\MySQLi\Connection.php:312
Stack trace:
#0 C:\laragon\www\FINALL\system\Database\MySQLi\Connection.php(312): mysqli->query('INSERT INTO `me...', 0)
#1 C:\laragon\www\FINALL\system\Database\BaseConnection.php(734): CodeIgniter\Database\MySQLi\Connection->execute('INSERT INTO `me...')
#2 C:\laragon\www\FINALL\system\Database\BaseConnection.php(648): CodeIgniter\Database\BaseConnection->simpleQuery('INSERT INTO `me...')
#3 C:\laragon\www\FINALL\system\Database\BaseBuilder.php(2340): CodeIgniter\Database\BaseConnection->query('INSERT INTO `me...', Array, false)
#4 C:\laragon\www\FINALL\system\Model.php(394): CodeIgniter\Database\BaseBuilder->insert()
#5 C:\laragon\www\FINALL\system\BaseModel.php(840): CodeIgniter\Model->doInsert(Array)
#6 C:\laragon\www\FINALL\system\Model.php(802): CodeIgniter\BaseModel->insert(Array, false)
#7 C:\laragon\www\FINALL\system\BaseModel.php(751): CodeIgniter\Model->insert(Array, false)
#8 C:\laragon\www\FINALL\app\Controllers\MedicalRecords.php(43): CodeIgniter\BaseModel->save(Array)
#9 C:\laragon\www\FINALL\system\CodeIgniter.php(933): App\Controllers\MedicalRecords->store()
#10 C:\laragon\www\FINALL\system\CodeIgniter.php(509): CodeIgniter\CodeIgniter->runController(Object(App\Controllers\MedicalRecords))
#11 C:\laragon\www\FINALL\system\CodeIgniter.php(355): CodeIgniter\CodeIgniter->handleRequest(NULL, Object(Config\Cache), false)
#12 C:\laragon\www\FINALL\system\Boot.php(325): CodeIgniter\CodeIgniter->run()
#13 C:\laragon\www\FINALL\system\Boot.php(67): CodeIgniter\Boot::runCodeIgniter(Object(CodeIgniter\CodeIgniter))
#14 C:\laragon\www\FINALL\public\index.php(56): CodeIgniter\Boot::bootWeb(Object(Config\Paths))
#15 C:\laragon\www\FINALL\system\rewrite.php(44): require_once('C:\\laragon\\www\\...')
#16 {main}
CRITICAL - 2024-11-20 07:24:10 --> CodeIgniter\Database\Exceptions\DatabaseException: Cannot add or update a child row: a foreign key constraint fails (`hospital_management`.`medical_records`, CONSTRAINT `medical_records_ibfk_2` FOREIGN KEY (`doctor_id`) REFERENCES `doctors` (`id`))
[Method: POST, Route: medical-records/store]
in SYSTEMPATH\Database\BaseConnection.php on line 688.
 1 SYSTEMPATH\Database\BaseBuilder.php(2340): CodeIgniter\Database\BaseConnection->query('INSERT INTO `medical_records` (`patient_id`, `date`, `file`) VALUES (:patient_id:, :date:, :file:)', [...], false)
 2 SYSTEMPATH\Model.php(394): CodeIgniter\Database\BaseBuilder->insert()
 3 SYSTEMPATH\BaseModel.php(840): CodeIgniter\Model->doInsert([...])
 4 SYSTEMPATH\Model.php(802): CodeIgniter\BaseModel->insert([...], false)
 5 SYSTEMPATH\BaseModel.php(751): CodeIgniter\Model->insert([...], false)
 6 APPPATH\Controllers\MedicalRecords.php(43): CodeIgniter\BaseModel->save([...])
 7 SYSTEMPATH\CodeIgniter.php(933): App\Controllers\MedicalRecords->store()
 8 SYSTEMPATH\CodeIgniter.php(509): CodeIgniter\CodeIgniter->runController(Object(App\Controllers\MedicalRecords))
 9 SYSTEMPATH\CodeIgniter.php(355): CodeIgniter\CodeIgniter->handleRequest(null, Object(Config\Cache), false)
10 SYSTEMPATH\Boot.php(325): CodeIgniter\CodeIgniter->run()
11 SYSTEMPATH\Boot.php(67): CodeIgniter\Boot::runCodeIgniter(Object(CodeIgniter\CodeIgniter))
12 FCPATH\index.php(56): CodeIgniter\Boot::bootWeb(Object(Config\Paths))
13 SYSTEMPATH\rewrite.php(44): require_once('C:\\laragon\\www\\FINALL\\public\\index.php')
CRITICAL - 2024-11-20 07:24:10 --> [Caused by] CodeIgniter\Database\Exceptions\DatabaseException: Cannot add or update a child row: a foreign key constraint fails (`hospital_management`.`medical_records`, CONSTRAINT `medical_records_ibfk_2` FOREIGN KEY (`doctor_id`) REFERENCES `doctors` (`id`))
in SYSTEMPATH\Database\MySQLi\Connection.php on line 317.
 1 SYSTEMPATH\Database\BaseConnection.php(734): CodeIgniter\Database\MySQLi\Connection->execute('INSERT INTO `medical_records` (`patient_id`, `date`, `file`) VALUES (\'11\', \'2024-11-21\', \'1732087449_8119454860a173e5f810.docx\')')
 2 SYSTEMPATH\Database\BaseConnection.php(648): CodeIgniter\Database\BaseConnection->simpleQuery('INSERT INTO `medical_records` (`patient_id`, `date`, `file`) VALUES (\'11\', \'2024-11-21\', \'1732087449_8119454860a173e5f810.docx\')')
 3 SYSTEMPATH\Database\BaseBuilder.php(2340): CodeIgniter\Database\BaseConnection->query('INSERT INTO `medical_records` (`patient_id`, `date`, `file`) VALUES (:patient_id:, :date:, :file:)', [...], false)
 4 SYSTEMPATH\Model.php(394): CodeIgniter\Database\BaseBuilder->insert()
 5 SYSTEMPATH\BaseModel.php(840): CodeIgniter\Model->doInsert([...])
 6 SYSTEMPATH\Model.php(802): CodeIgniter\BaseModel->insert([...], false)
 7 SYSTEMPATH\BaseModel.php(751): CodeIgniter\Model->insert([...], false)
 8 APPPATH\Controllers\MedicalRecords.php(43): CodeIgniter\BaseModel->save([...])
 9 SYSTEMPATH\CodeIgniter.php(933): App\Controllers\MedicalRecords->store()
10 SYSTEMPATH\CodeIgniter.php(509): CodeIgniter\CodeIgniter->runController(Object(App\Controllers\MedicalRecords))
11 SYSTEMPATH\CodeIgniter.php(355): CodeIgniter\CodeIgniter->handleRequest(null, Object(Config\Cache), false)
12 SYSTEMPATH\Boot.php(325): CodeIgniter\CodeIgniter->run()
13 SYSTEMPATH\Boot.php(67): CodeIgniter\Boot::runCodeIgniter(Object(CodeIgniter\CodeIgniter))
14 FCPATH\index.php(56): CodeIgniter\Boot::bootWeb(Object(Config\Paths))
15 SYSTEMPATH\rewrite.php(44): require_once('C:\\laragon\\www\\FINALL\\public\\index.php')
CRITICAL - 2024-11-20 07:24:10 --> [Caused by] mysqli_sql_exception: Cannot add or update a child row: a foreign key constraint fails (`hospital_management`.`medical_records`, CONSTRAINT `medical_records_ibfk_2` FOREIGN KEY (`doctor_id`) REFERENCES `doctors` (`id`))
in SYSTEMPATH\Database\MySQLi\Connection.php on line 312.
 1 SYSTEMPATH\Database\MySQLi\Connection.php(312): mysqli->query('INSERT INTO `medical_records` (`patient_id`, `date`, `file`) VALUES (\'11\', \'2024-11-21\', \'1732087449_8119454860a173e5f810.docx\')', 0)
 2 SYSTEMPATH\Database\BaseConnection.php(734): CodeIgniter\Database\MySQLi\Connection->execute('INSERT INTO `medical_records` (`patient_id`, `date`, `file`) VALUES (\'11\', \'2024-11-21\', \'1732087449_8119454860a173e5f810.docx\')')
 3 SYSTEMPATH\Database\BaseConnection.php(648): CodeIgniter\Database\BaseConnection->simpleQuery('INSERT INTO `medical_records` (`patient_id`, `date`, `file`) VALUES (\'11\', \'2024-11-21\', \'1732087449_8119454860a173e5f810.docx\')')
 4 SYSTEMPATH\Database\BaseBuilder.php(2340): CodeIgniter\Database\BaseConnection->query('INSERT INTO `medical_records` (`patient_id`, `date`, `file`) VALUES (:patient_id:, :date:, :file:)', [...], false)
 5 SYSTEMPATH\Model.php(394): CodeIgniter\Database\BaseBuilder->insert()
 6 SYSTEMPATH\BaseModel.php(840): CodeIgniter\Model->doInsert([...])
 7 SYSTEMPATH\Model.php(802): CodeIgniter\BaseModel->insert([...], false)
 8 SYSTEMPATH\BaseModel.php(751): CodeIgniter\Model->insert([...], false)
 9 APPPATH\Controllers\MedicalRecords.php(43): CodeIgniter\BaseModel->save([...])
10 SYSTEMPATH\CodeIgniter.php(933): App\Controllers\MedicalRecords->store()
11 SYSTEMPATH\CodeIgniter.php(509): CodeIgniter\CodeIgniter->runController(Object(App\Controllers\MedicalRecords))
12 SYSTEMPATH\CodeIgniter.php(355): CodeIgniter\CodeIgniter->handleRequest(null, Object(Config\Cache), false)
13 SYSTEMPATH\Boot.php(325): CodeIgniter\CodeIgniter->run()
14 SYSTEMPATH\Boot.php(67): CodeIgniter\Boot::runCodeIgniter(Object(CodeIgniter\CodeIgniter))
15 FCPATH\index.php(56): CodeIgniter\Boot::bootWeb(Object(Config\Paths))
16 SYSTEMPATH\rewrite.php(44): require_once('C:\\laragon\\www\\FINALL\\public\\index.php')
CRITICAL - 2024-11-20 07:33:35 --> ErrorException: Undefined variable $doctor
[Method: GET, Route: dashboard]
in APPPATH\Views\dashboard.php on line 101.
 1 APPPATH\Views\dashboard.php(101): CodeIgniter\Debug\Exceptions->errorHandler(2, 'Undefined variable $doctor', 'C:\\laragon\\www\\FINALL\\app\\Views\\dashboard.php', 101)
 2 SYSTEMPATH\View\View.php(234): include('C:\\laragon\\www\\FINALL\\app\\Views\\dashboard.php')
 3 SYSTEMPATH\View\View.php(237): CodeIgniter\View\View->CodeIgniter\View\{closure}()
 4 SYSTEMPATH\Common.php(1169): CodeIgniter\View\View->render('dashboard', [], true)
 5 APPPATH\Controllers\Dashboard.php(24): view('dashboard', [...])
 6 SYSTEMPATH\CodeIgniter.php(933): App\Controllers\Dashboard->index()
 7 SYSTEMPATH\CodeIgniter.php(509): CodeIgniter\CodeIgniter->runController(Object(App\Controllers\Dashboard))
 8 SYSTEMPATH\CodeIgniter.php(355): CodeIgniter\CodeIgniter->handleRequest(null, Object(Config\Cache), false)
 9 SYSTEMPATH\Boot.php(325): CodeIgniter\CodeIgniter->run()
10 SYSTEMPATH\Boot.php(67): CodeIgniter\Boot::runCodeIgniter(Object(CodeIgniter\CodeIgniter))
11 FCPATH\index.php(56): CodeIgniter\Boot::bootWeb(Object(Config\Paths))
12 SYSTEMPATH\rewrite.php(44): require_once('C:\\laragon\\www\\FINALL\\public\\index.php')
CRITICAL - 2024-11-20 07:46:44 --> ErrorException: Undefined variable $doctor
[Method: GET, Route: appointment]
in APPPATH\Views\doctordashboard.php on line 105.
 1 APPPATH\Views\doctordashboard.php(105): CodeIgniter\Debug\Exceptions->errorHandler(2, 'Undefined variable $doctor', 'C:\\laragon\\www\\FINALL\\app\\Views\\doctordashboard.php', 105)
 2 SYSTEMPATH\View\View.php(234): include('C:\\laragon\\www\\FINALL\\app\\Views\\doctordashboard.php')
 3 SYSTEMPATH\View\View.php(237): CodeIgniter\View\View->CodeIgniter\View\{closure}()
 4 SYSTEMPATH\Common.php(1169): CodeIgniter\View\View->render('doctordashboard', [], true)
 5 APPPATH\Controllers\Appointments.php(29): view('doctordashboard', [...])
 6 SYSTEMPATH\CodeIgniter.php(933): App\Controllers\Appointments->appointments()
 7 SYSTEMPATH\CodeIgniter.php(509): CodeIgniter\CodeIgniter->runController(Object(App\Controllers\Appointments))
 8 SYSTEMPATH\CodeIgniter.php(355): CodeIgniter\CodeIgniter->handleRequest(null, Object(Config\Cache), false)
 9 SYSTEMPATH\Boot.php(325): CodeIgniter\CodeIgniter->run()
10 SYSTEMPATH\Boot.php(67): CodeIgniter\Boot::runCodeIgniter(Object(CodeIgniter\CodeIgniter))
11 FCPATH\index.php(56): CodeIgniter\Boot::bootWeb(Object(Config\Paths))
12 SYSTEMPATH\rewrite.php(44): require_once('C:\\laragon\\www\\FINALL\\public\\index.php')
CRITICAL - 2024-11-20 07:48:00 --> ErrorException: Undefined variable $doctor
[Method: GET, Route: appointment]
in APPPATH\Views\doctordashboard.php on line 105.
 1 APPPATH\Views\doctordashboard.php(105): CodeIgniter\Debug\Exceptions->errorHandler(2, 'Undefined variable $doctor', 'C:\\laragon\\www\\FINALL\\app\\Views\\doctordashboard.php', 105)
 2 SYSTEMPATH\View\View.php(234): include('C:\\laragon\\www\\FINALL\\app\\Views\\doctordashboard.php')
 3 SYSTEMPATH\View\View.php(237): CodeIgniter\View\View->CodeIgniter\View\{closure}()
 4 SYSTEMPATH\Common.php(1169): CodeIgniter\View\View->render('doctordashboard', [], true)
 5 APPPATH\Controllers\Appointments.php(29): view('doctordashboard', [...])
 6 SYSTEMPATH\CodeIgniter.php(933): App\Controllers\Appointments->appointments()
 7 SYSTEMPATH\CodeIgniter.php(509): CodeIgniter\CodeIgniter->runController(Object(App\Controllers\Appointments))
 8 SYSTEMPATH\CodeIgniter.php(355): CodeIgniter\CodeIgniter->handleRequest(null, Object(Config\Cache), false)
 9 SYSTEMPATH\Boot.php(325): CodeIgniter\CodeIgniter->run()
10 SYSTEMPATH\Boot.php(67): CodeIgniter\Boot::runCodeIgniter(Object(CodeIgniter\CodeIgniter))
11 FCPATH\index.php(56): CodeIgniter\Boot::bootWeb(Object(Config\Paths))
12 SYSTEMPATH\rewrite.php(44): require_once('C:\\laragon\\www\\FINALL\\public\\index.php')
CRITICAL - 2024-11-20 07:52:47 --> ErrorException: Undefined variable $doctor
[Method: GET, Route: appointment]
in APPPATH\Views\doctordashboard.php on line 105.
 1 APPPATH\Views\doctordashboard.php(105): CodeIgniter\Debug\Exceptions->errorHandler(2, 'Undefined variable $doctor', 'C:\\laragon\\www\\FINALL\\app\\Views\\doctordashboard.php', 105)
 2 SYSTEMPATH\View\View.php(234): include('C:\\laragon\\www\\FINALL\\app\\Views\\doctordashboard.php')
 3 SYSTEMPATH\View\View.php(237): CodeIgniter\View\View->CodeIgniter\View\{closure}()
 4 SYSTEMPATH\Common.php(1169): CodeIgniter\View\View->render('doctordashboard', [], true)
 5 APPPATH\Controllers\Appointments.php(29): view('doctordashboard', [...])
 6 SYSTEMPATH\CodeIgniter.php(933): App\Controllers\Appointments->appointments()
 7 SYSTEMPATH\CodeIgniter.php(509): CodeIgniter\CodeIgniter->runController(Object(App\Controllers\Appointments))
 8 SYSTEMPATH\CodeIgniter.php(355): CodeIgniter\CodeIgniter->handleRequest(null, Object(Config\Cache), false)
 9 SYSTEMPATH\Boot.php(325): CodeIgniter\CodeIgniter->run()
10 SYSTEMPATH\Boot.php(67): CodeIgniter\Boot::runCodeIgniter(Object(CodeIgniter\CodeIgniter))
11 FCPATH\index.php(56): CodeIgniter\Boot::bootWeb(Object(Config\Paths))
12 SYSTEMPATH\rewrite.php(44): require_once('C:\\laragon\\www\\FINALL\\public\\index.php')
CRITICAL - 2024-11-20 15:39:49 --> ErrorException: Undefined variable $p
[Method: GET, Route: editDoctor/5]
in APPPATH\Views\edit_doctor.php on line 127.
 1 APPPATH\Views\edit_doctor.php(127): CodeIgniter\Debug\Exceptions->errorHandler(2, 'Undefined variable $p', 'C:\\laragon\\www\\FINALL\\app\\Views\\edit_doctor.php', 127)
 2 SYSTEMPATH\View\View.php(234): include('C:\\laragon\\www\\FINALL\\app\\Views\\edit_doctor.php')
 3 SYSTEMPATH\View\View.php(237): CodeIgniter\View\View->CodeIgniter\View\{closure}()
 4 SYSTEMPATH\Common.php(1169): CodeIgniter\View\View->render('edit_doctor', [], true)
 5 APPPATH\Controllers\Doctor.php(27): view('edit_doctor', [...])
 6 SYSTEMPATH\CodeIgniter.php(933): App\Controllers\Doctor->editDoctor('5')
 7 SYSTEMPATH\CodeIgniter.php(509): CodeIgniter\CodeIgniter->runController(Object(App\Controllers\Doctor))
 8 SYSTEMPATH\CodeIgniter.php(355): CodeIgniter\CodeIgniter->handleRequest(null, Object(Config\Cache), false)
 9 SYSTEMPATH\Boot.php(325): CodeIgniter\CodeIgniter->run()
10 SYSTEMPATH\Boot.php(67): CodeIgniter\Boot::runCodeIgniter(Object(CodeIgniter\CodeIgniter))
11 FCPATH\index.php(56): CodeIgniter\Boot::bootWeb(Object(Config\Paths))
12 SYSTEMPATH\rewrite.php(44): require_once('C:\\laragon\\www\\FINALL\\public\\index.php')
