CRITICAL - 2024-11-09 00:43:02 --> Error: Class "App\Models\PatientModel" not found
[Method: POST, Route: register]
in APPPATH\Controllers\Auth.php on line 54.
 1 SYSTEMPATH\CodeIgniter.php(933): App\Controllers\Auth->processRegister()
 2 SYSTEMPATH\CodeIgniter.php(509): CodeIgniter\CodeIgniter->runController(Object(App\Controllers\Auth))
 3 SYSTEMPATH\CodeIgniter.php(355): CodeIgniter\CodeIgniter->handleRequest(null, Object(Config\Cache), false)
 4 SYSTEMPATH\Boot.php(325): CodeIgniter\CodeIgniter->run()
 5 SYSTEMPATH\Boot.php(67): CodeIgniter\Boot::runCodeIgniter(Object(CodeIgniter\CodeIgniter))
 6 FCPATH\index.php(56): CodeIgniter\Boot::bootWeb(Object(Config\Paths))
 7 SYSTEMPATH\rewrite.php(44): require_once('C:\\laragon\\www\\FINAL\\public\\index.php')
CRITICAL - 2024-11-09 00:44:23 --> Error: Class "App\Models\PatientModel" not found
[Method: POST, Route: register]
in APPPATH\Controllers\Auth.php on line 54.
 1 SYSTEMPATH\CodeIgniter.php(933): App\Controllers\Auth->processRegister()
 2 SYSTEMPATH\CodeIgniter.php(509): CodeIgniter\CodeIgniter->runController(Object(App\Controllers\Auth))
 3 SYSTEMPATH\CodeIgniter.php(355): CodeIgniter\CodeIgniter->handleRequest(null, Object(Config\Cache), false)
 4 SYSTEMPATH\Boot.php(325): CodeIgniter\CodeIgniter->run()
 5 SYSTEMPATH\Boot.php(67): CodeIgniter\Boot::runCodeIgniter(Object(CodeIgniter\CodeIgniter))
 6 FCPATH\index.php(56): CodeIgniter\Boot::bootWeb(Object(Config\Paths))
 7 SYSTEMPATH\rewrite.php(44): require_once('C:\\laragon\\www\\FINAL\\public\\index.php')
