CRITICAL - 2024-11-16 01:07:17 --> ErrorException: Undefined variable $doctors
[Method: GET, Route: book-appointment]
in APPPATH\Views\book_appointment.php on line 114.
 1 APPPATH\Views\book_appointment.php(114): CodeIgniter\Debug\Exceptions->errorHandler(2, 'Undefined variable $doctors', 'C:\\laragon\\www\\FINAL\\app\\Views\\book_appointment.php', 114)
 2 SYSTEMPATH\View\View.php(234): include('C:\\laragon\\www\\FINAL\\app\\Views\\book_appointment.php')
 3 SYSTEMPATH\View\View.php(237): CodeIgniter\View\View->CodeIgniter\View\{closure}()
 4 SYSTEMPATH\Common.php(1169): CodeIgniter\View\View->render('book_appointment', [], true)
 5 APPPATH\Controllers\Dashboard.php(27): view('book_appointment')
 6 SYSTEMPATH\CodeIgniter.php(933): App\Controllers\Dashboard->bookAppointment()
 7 SYSTEMPATH\CodeIgniter.php(509): CodeIgniter\CodeIgniter->runController(Object(App\Controllers\Dashboard))
 8 SYSTEMPATH\CodeIgniter.php(355): CodeIgniter\CodeIgniter->handleRequest(null, Object(Config\Cache), false)
 9 SYSTEMPATH\Boot.php(325): CodeIgniter\CodeIgniter->run()
10 SYSTEMPATH\Boot.php(67): CodeIgniter\Boot::runCodeIgniter(Object(CodeIgniter\CodeIgniter))
11 FCPATH\index.php(56): CodeIgniter\Boot::bootWeb(Object(Config\Paths))
12 SYSTEMPATH\rewrite.php(44): require_once('C:\\laragon\\www\\FINAL\\public\\index.php')
CRITICAL - 2024-11-16 01:07:26 --> ErrorException: Undefined variable $doctors
[Method: GET, Route: book-appointment]
in APPPATH\Views\book_appointment.php on line 114.
 1 APPPATH\Views\book_appointment.php(114): CodeIgniter\Debug\Exceptions->errorHandler(2, 'Undefined variable $doctors', 'C:\\laragon\\www\\FINAL\\app\\Views\\book_appointment.php', 114)
 2 SYSTEMPATH\View\View.php(234): include('C:\\laragon\\www\\FINAL\\app\\Views\\book_appointment.php')
 3 SYSTEMPATH\View\View.php(237): CodeIgniter\View\View->CodeIgniter\View\{closure}()
 4 SYSTEMPATH\Common.php(1169): CodeIgniter\View\View->render('book_appointment', [], true)
 5 APPPATH\Controllers\Dashboard.php(27): view('book_appointment')
 6 SYSTEMPATH\CodeIgniter.php(933): App\Controllers\Dashboard->bookAppointment()
 7 SYSTEMPATH\CodeIgniter.php(509): CodeIgniter\CodeIgniter->runController(Object(App\Controllers\Dashboard))
 8 SYSTEMPATH\CodeIgniter.php(355): CodeIgniter\CodeIgniter->handleRequest(null, Object(Config\Cache), false)
 9 SYSTEMPATH\Boot.php(325): CodeIgniter\CodeIgniter->run()
10 SYSTEMPATH\Boot.php(67): CodeIgniter\Boot::runCodeIgniter(Object(CodeIgniter\CodeIgniter))
11 FCPATH\index.php(56): CodeIgniter\Boot::bootWeb(Object(Config\Paths))
12 SYSTEMPATH\rewrite.php(44): require_once('C:\\laragon\\www\\FINAL\\public\\index.php')
CRITICAL - 2024-11-16 01:07:34 --> ErrorException: Undefined variable $doctors
[Method: GET, Route: book-appointment]
in APPPATH\Views\book_appointment.php on line 114.
 1 APPPATH\Views\book_appointment.php(114): CodeIgniter\Debug\Exceptions->errorHandler(2, 'Undefined variable $doctors', 'C:\\laragon\\www\\FINAL\\app\\Views\\book_appointment.php', 114)
 2 SYSTEMPATH\View\View.php(234): include('C:\\laragon\\www\\FINAL\\app\\Views\\book_appointment.php')
 3 SYSTEMPATH\View\View.php(237): CodeIgniter\View\View->CodeIgniter\View\{closure}()
 4 SYSTEMPATH\Common.php(1169): CodeIgniter\View\View->render('book_appointment', [], true)
 5 APPPATH\Controllers\Dashboard.php(27): view('book_appointment')
 6 SYSTEMPATH\CodeIgniter.php(933): App\Controllers\Dashboard->bookAppointment()
 7 SYSTEMPATH\CodeIgniter.php(509): CodeIgniter\CodeIgniter->runController(Object(App\Controllers\Dashboard))
 8 SYSTEMPATH\CodeIgniter.php(355): CodeIgniter\CodeIgniter->handleRequest(null, Object(Config\Cache), false)
 9 SYSTEMPATH\Boot.php(325): CodeIgniter\CodeIgniter->run()
10 SYSTEMPATH\Boot.php(67): CodeIgniter\Boot::runCodeIgniter(Object(CodeIgniter\CodeIgniter))
11 FCPATH\index.php(56): CodeIgniter\Boot::bootWeb(Object(Config\Paths))
12 SYSTEMPATH\rewrite.php(44): require_once('C:\\laragon\\www\\FINAL\\public\\index.php')
