ERROR - 2024-11-15 20:38:01 --> Email: sendWithSmtp throwed ErrorException: fsockopen(): Unable to connect to smtp.gmail.com:587 (A connection attempt failed because the connected party did not properly respond after a period of time, or established connection failed because connected host has failed to respond) in C:\laragon\www\FINAL\system\Email\Email.php:1901
Stack trace:
#0 [internal function]: CodeIgniter\Debug\Exceptions->errorHandler(2, 'fsockopen(): Un...', 'C:\\laragon\\www\\...', 1901)
#1 C:\laragon\www\FINAL\system\Email\Email.php(1901): fsockopen('smtp.gmail.com', 587, NULL, NULL, 5)
#2 C:\laragon\www\FINAL\system\Email\Email.php(1809): CodeIgniter\Email\Email->SMTPConnect()
#3 C:\laragon\www\FINAL\system\Email\Email.php(1694): CodeIgniter\Email\Email->sendWithSmtp()
#4 C:\laragon\www\FINAL\system\Email\Email.php(1589): CodeIgniter\Email\Email->spoolEmail()
#5 C:\laragon\www\FINAL\app\Controllers\Auth.php(87): CodeIgniter\Email\Email->send()
#6 C:\laragon\www\FINAL\app\Controllers\Auth.php(66): App\Controllers\Auth->sendConfirmationEmail('menh4063@gmail....', 'Jhuniel Galang ')
#7 C:\laragon\www\FINAL\system\CodeIgniter.php(933): App\Controllers\Auth->processRegister()
#8 C:\laragon\www\FINAL\system\CodeIgniter.php(509): CodeIgniter\CodeIgniter->runController(Object(App\Controllers\Auth))
#9 C:\laragon\www\FINAL\system\CodeIgniter.php(355): CodeIgniter\CodeIgniter->handleRequest(NULL, Object(Config\Cache), false)
#10 C:\laragon\www\FINAL\system\Boot.php(325): CodeIgniter\CodeIgniter->run()
#11 C:\laragon\www\FINAL\system\Boot.php(67): CodeIgniter\Boot::runCodeIgniter(Object(CodeIgniter\CodeIgniter))
#12 C:\laragon\www\FINAL\public\index.php(56): CodeIgniter\Boot::bootWeb(Object(Config\Paths))
#13 C:\laragon\www\FINAL\system\rewrite.php(44): require_once('C:\\laragon\\www\\...')
#14 {main}
ERROR - 2024-11-15 20:38:01 --> Email: Unable to send email using SMTP. Your server might not be configured to send mail using this method.
ERROR - 2024-11-15 20:38:01 --> 
ERROR - 2024-11-15 20:38:01 --> Failed to send email: Unable to send email using SMTP. Your server might not be configured to send mail using this method.<br><pre>Date: Fri, 15 Nov 2024 20:37:56 +0000
From: &quot;Hospital Management System&quot; &lt;caparrachristian47@gmail.com&gt;
Return-Path: &lt;caparrachristian47@gmail.com&gt;
To: menh4063@gmail.com
Subject: =?UTF-8?Q?Registration=20Confirmation?=
Reply-To: &lt;caparrachristian47@gmail.com&gt;
User-Agent: CodeIgniter
X-Sender: caparrachristian47@gmail.com
X-Mailer: CodeIgniter
X-Priority: 3 (Normal)
Message-ID: &lt;6737b1246bbca2.98427627@gmail.com&gt;
Mime-Version: 1.0

</pre>
CRITICAL - 2024-11-15 20:38:39 --> Error: Class "App\Models\AppointmentModel" not found
[Method: GET, Route: dashboard]
in APPPATH\Controllers\Dashboard.php on line 13.
 1 SYSTEMPATH\CodeIgniter.php(933): App\Controllers\Dashboard->index()
 2 SYSTEMPATH\CodeIgniter.php(509): CodeIgniter\CodeIgniter->runController(Object(App\Controllers\Dashboard))
 3 SYSTEMPATH\CodeIgniter.php(355): CodeIgniter\CodeIgniter->handleRequest(null, Object(Config\Cache), false)
 4 SYSTEMPATH\Boot.php(325): CodeIgniter\CodeIgniter->run()
 5 SYSTEMPATH\Boot.php(67): CodeIgniter\Boot::runCodeIgniter(Object(CodeIgniter\CodeIgniter))
 6 FCPATH\index.php(56): CodeIgniter\Boot::bootWeb(Object(Config\Paths))
 7 SYSTEMPATH\rewrite.php(44): require_once('C:\\laragon\\www\\FINAL\\public\\index.php')
CRITICAL - 2024-11-15 20:41:16 --> Error: Class "App\Models\AppointmentModel" not found
[Method: GET, Route: dashboard]
in APPPATH\Controllers\Dashboard.php on line 13.
 1 SYSTEMPATH\CodeIgniter.php(933): App\Controllers\Dashboard->index()
 2 SYSTEMPATH\CodeIgniter.php(509): CodeIgniter\CodeIgniter->runController(Object(App\Controllers\Dashboard))
 3 SYSTEMPATH\CodeIgniter.php(355): CodeIgniter\CodeIgniter->handleRequest(null, Object(Config\Cache), false)
 4 SYSTEMPATH\Boot.php(325): CodeIgniter\CodeIgniter->run()
 5 SYSTEMPATH\Boot.php(67): CodeIgniter\Boot::runCodeIgniter(Object(CodeIgniter\CodeIgniter))
 6 FCPATH\index.php(56): CodeIgniter\Boot::bootWeb(Object(Config\Paths))
 7 SYSTEMPATH\rewrite.php(44): require_once('C:\\laragon\\www\\FINAL\\public\\index.php')
CRITICAL - 2024-11-15 20:44:19 --> Error: Class "App\Models\AppointmentModel" not found
[Method: GET, Route: dashboard]
in APPPATH\Controllers\Dashboard.php on line 13.
 1 SYSTEMPATH\CodeIgniter.php(933): App\Controllers\Dashboard->index()
 2 SYSTEMPATH\CodeIgniter.php(509): CodeIgniter\CodeIgniter->runController(Object(App\Controllers\Dashboard))
 3 SYSTEMPATH\CodeIgniter.php(355): CodeIgniter\CodeIgniter->handleRequest(null, Object(Config\Cache), false)
 4 SYSTEMPATH\Boot.php(325): CodeIgniter\CodeIgniter->run()
 5 SYSTEMPATH\Boot.php(67): CodeIgniter\Boot::runCodeIgniter(Object(CodeIgniter\CodeIgniter))
 6 FCPATH\index.php(56): CodeIgniter\Boot::bootWeb(Object(Config\Paths))
 7 SYSTEMPATH\rewrite.php(44): require_once('C:\\laragon\\www\\FINAL\\public\\index.php')
CRITICAL - 2024-11-15 20:49:06 --> Error: Class "App\Models\AppointmentModel" not found
[Method: GET, Route: dashboard]
in APPPATH\Controllers\Dashboard.php on line 13.
 1 SYSTEMPATH\CodeIgniter.php(933): App\Controllers\Dashboard->index()
 2 SYSTEMPATH\CodeIgniter.php(509): CodeIgniter\CodeIgniter->runController(Object(App\Controllers\Dashboard))
 3 SYSTEMPATH\CodeIgniter.php(355): CodeIgniter\CodeIgniter->handleRequest(null, Object(Config\Cache), false)
 4 SYSTEMPATH\Boot.php(325): CodeIgniter\CodeIgniter->run()
 5 SYSTEMPATH\Boot.php(67): CodeIgniter\Boot::runCodeIgniter(Object(CodeIgniter\CodeIgniter))
 6 FCPATH\index.php(56): CodeIgniter\Boot::bootWeb(Object(Config\Paths))
 7 SYSTEMPATH\rewrite.php(44): require_once('C:\\laragon\\www\\FINAL\\public\\index.php')
CRITICAL - 2024-11-15 20:49:26 --> ErrorException: Undefined array key "doctor_name"
[Method: GET, Route: dashboard]
in APPPATH\Views\dashboard.php on line 180.
 1 APPPATH\Views\dashboard.php(180): CodeIgniter\Debug\Exceptions->errorHandler(2, 'Undefined array key "doctor_name"', 'C:\\laragon\\www\\FINAL\\app\\Views\\dashboard.php', 180)
 2 SYSTEMPATH\View\View.php(234): include('C:\\laragon\\www\\FINAL\\app\\Views\\dashboard.php')
 3 SYSTEMPATH\View\View.php(237): CodeIgniter\View\View->CodeIgniter\View\{closure}()
 4 SYSTEMPATH\Common.php(1169): CodeIgniter\View\View->render('dashboard', [], true)
 5 APPPATH\Controllers\Dashboard.php(21): view('dashboard', [...])
 6 SYSTEMPATH\CodeIgniter.php(933): App\Controllers\Dashboard->index()
 7 SYSTEMPATH\CodeIgniter.php(509): CodeIgniter\CodeIgniter->runController(Object(App\Controllers\Dashboard))
 8 SYSTEMPATH\CodeIgniter.php(355): CodeIgniter\CodeIgniter->handleRequest(null, Object(Config\Cache), false)
 9 SYSTEMPATH\Boot.php(325): CodeIgniter\CodeIgniter->run()
10 SYSTEMPATH\Boot.php(67): CodeIgniter\Boot::runCodeIgniter(Object(CodeIgniter\CodeIgniter))
11 FCPATH\index.php(56): CodeIgniter\Boot::bootWeb(Object(Config\Paths))
12 SYSTEMPATH\rewrite.php(44): require_once('C:\\laragon\\www\\FINAL\\public\\index.php')
CRITICAL - 2024-11-15 20:50:27 --> ErrorException: Undefined variable $doctors
[Method: GET, Route: book-appointment]
in APPPATH\Views\book_appointment.php on line 114.
 1 APPPATH\Views\book_appointment.php(114): CodeIgniter\Debug\Exceptions->errorHandler(2, 'Undefined variable $doctors', 'C:\\laragon\\www\\FINAL\\app\\Views\\book_appointment.php', 114)
 2 SYSTEMPATH\View\View.php(234): include('C:\\laragon\\www\\FINAL\\app\\Views\\book_appointment.php')
 3 SYSTEMPATH\View\View.php(237): CodeIgniter\View\View->CodeIgniter\View\{closure}()
 4 SYSTEMPATH\Common.php(1169): CodeIgniter\View\View->render('book_appointment', [], true)
 5 APPPATH\Controllers\Dashboard.php(27): view('book_appointment')
 6 SYSTEMPATH\CodeIgniter.php(933): App\Controllers\Dashboard->bookAppointment()
 7 SYSTEMPATH\CodeIgniter.php(509): CodeIgniter\CodeIgniter->runController(Object(App\Controllers\Dashboard))
 8 SYSTEMPATH\CodeIgniter.php(355): CodeIgniter\CodeIgniter->handleRequest(null, Object(Config\Cache), false)
 9 SYSTEMPATH\Boot.php(325): CodeIgniter\CodeIgniter->run()
10 SYSTEMPATH\Boot.php(67): CodeIgniter\Boot::runCodeIgniter(Object(CodeIgniter\CodeIgniter))
11 FCPATH\index.php(56): CodeIgniter\Boot::bootWeb(Object(Config\Paths))
12 SYSTEMPATH\rewrite.php(44): require_once('C:\\laragon\\www\\FINAL\\public\\index.php')
CRITICAL - 2024-11-15 20:52:25 --> ErrorException: Undefined variable $doctors
[Method: GET, Route: book-appointment]
in APPPATH\Views\book_appointment.php on line 114.
 1 APPPATH\Views\book_appointment.php(114): CodeIgniter\Debug\Exceptions->errorHandler(2, 'Undefined variable $doctors', 'C:\\laragon\\www\\FINAL\\app\\Views\\book_appointment.php', 114)
 2 SYSTEMPATH\View\View.php(234): include('C:\\laragon\\www\\FINAL\\app\\Views\\book_appointment.php')
 3 SYSTEMPATH\View\View.php(237): CodeIgniter\View\View->CodeIgniter\View\{closure}()
 4 SYSTEMPATH\Common.php(1169): CodeIgniter\View\View->render('book_appointment', [], true)
 5 APPPATH\Controllers\Dashboard.php(27): view('book_appointment')
 6 SYSTEMPATH\CodeIgniter.php(933): App\Controllers\Dashboard->bookAppointment()
 7 SYSTEMPATH\CodeIgniter.php(509): CodeIgniter\CodeIgniter->runController(Object(App\Controllers\Dashboard))
 8 SYSTEMPATH\CodeIgniter.php(355): CodeIgniter\CodeIgniter->handleRequest(null, Object(Config\Cache), false)
 9 SYSTEMPATH\Boot.php(325): CodeIgniter\CodeIgniter->run()
10 SYSTEMPATH\Boot.php(67): CodeIgniter\Boot::runCodeIgniter(Object(CodeIgniter\CodeIgniter))
11 FCPATH\index.php(56): CodeIgniter\Boot::bootWeb(Object(Config\Paths))
12 SYSTEMPATH\rewrite.php(44): require_once('C:\\laragon\\www\\FINAL\\public\\index.php')
CRITICAL - 2024-11-15 20:52:26 --> ErrorException: Undefined variable $doctors
[Method: GET, Route: book-appointment]
in APPPATH\Views\book_appointment.php on line 114.
 1 APPPATH\Views\book_appointment.php(114): CodeIgniter\Debug\Exceptions->errorHandler(2, 'Undefined variable $doctors', 'C:\\laragon\\www\\FINAL\\app\\Views\\book_appointment.php', 114)
 2 SYSTEMPATH\View\View.php(234): include('C:\\laragon\\www\\FINAL\\app\\Views\\book_appointment.php')
 3 SYSTEMPATH\View\View.php(237): CodeIgniter\View\View->CodeIgniter\View\{closure}()
 4 SYSTEMPATH\Common.php(1169): CodeIgniter\View\View->render('book_appointment', [], true)
 5 APPPATH\Controllers\Dashboard.php(27): view('book_appointment')
 6 SYSTEMPATH\CodeIgniter.php(933): App\Controllers\Dashboard->bookAppointment()
 7 SYSTEMPATH\CodeIgniter.php(509): CodeIgniter\CodeIgniter->runController(Object(App\Controllers\Dashboard))
 8 SYSTEMPATH\CodeIgniter.php(355): CodeIgniter\CodeIgniter->handleRequest(null, Object(Config\Cache), false)
 9 SYSTEMPATH\Boot.php(325): CodeIgniter\CodeIgniter->run()
10 SYSTEMPATH\Boot.php(67): CodeIgniter\Boot::runCodeIgniter(Object(CodeIgniter\CodeIgniter))
11 FCPATH\index.php(56): CodeIgniter\Boot::bootWeb(Object(Config\Paths))
12 SYSTEMPATH\rewrite.php(44): require_once('C:\\laragon\\www\\FINAL\\public\\index.php')
CRITICAL - 2024-11-15 20:52:26 --> ErrorException: Undefined variable $doctors
[Method: GET, Route: book-appointment]
in APPPATH\Views\book_appointment.php on line 114.
 1 APPPATH\Views\book_appointment.php(114): CodeIgniter\Debug\Exceptions->errorHandler(2, 'Undefined variable $doctors', 'C:\\laragon\\www\\FINAL\\app\\Views\\book_appointment.php', 114)
 2 SYSTEMPATH\View\View.php(234): include('C:\\laragon\\www\\FINAL\\app\\Views\\book_appointment.php')
 3 SYSTEMPATH\View\View.php(237): CodeIgniter\View\View->CodeIgniter\View\{closure}()
 4 SYSTEMPATH\Common.php(1169): CodeIgniter\View\View->render('book_appointment', [], true)
 5 APPPATH\Controllers\Dashboard.php(27): view('book_appointment')
 6 SYSTEMPATH\CodeIgniter.php(933): App\Controllers\Dashboard->bookAppointment()
 7 SYSTEMPATH\CodeIgniter.php(509): CodeIgniter\CodeIgniter->runController(Object(App\Controllers\Dashboard))
 8 SYSTEMPATH\CodeIgniter.php(355): CodeIgniter\CodeIgniter->handleRequest(null, Object(Config\Cache), false)
 9 SYSTEMPATH\Boot.php(325): CodeIgniter\CodeIgniter->run()
10 SYSTEMPATH\Boot.php(67): CodeIgniter\Boot::runCodeIgniter(Object(CodeIgniter\CodeIgniter))
11 FCPATH\index.php(56): CodeIgniter\Boot::bootWeb(Object(Config\Paths))
12 SYSTEMPATH\rewrite.php(44): require_once('C:\\laragon\\www\\FINAL\\public\\index.php')
CRITICAL - 2024-11-15 20:52:26 --> ErrorException: Undefined variable $doctors
[Method: GET, Route: book-appointment]
in APPPATH\Views\book_appointment.php on line 114.
 1 APPPATH\Views\book_appointment.php(114): CodeIgniter\Debug\Exceptions->errorHandler(2, 'Undefined variable $doctors', 'C:\\laragon\\www\\FINAL\\app\\Views\\book_appointment.php', 114)
 2 SYSTEMPATH\View\View.php(234): include('C:\\laragon\\www\\FINAL\\app\\Views\\book_appointment.php')
 3 SYSTEMPATH\View\View.php(237): CodeIgniter\View\View->CodeIgniter\View\{closure}()
 4 SYSTEMPATH\Common.php(1169): CodeIgniter\View\View->render('book_appointment', [], true)
 5 APPPATH\Controllers\Dashboard.php(27): view('book_appointment')
 6 SYSTEMPATH\CodeIgniter.php(933): App\Controllers\Dashboard->bookAppointment()
 7 SYSTEMPATH\CodeIgniter.php(509): CodeIgniter\CodeIgniter->runController(Object(App\Controllers\Dashboard))
 8 SYSTEMPATH\CodeIgniter.php(355): CodeIgniter\CodeIgniter->handleRequest(null, Object(Config\Cache), false)
 9 SYSTEMPATH\Boot.php(325): CodeIgniter\CodeIgniter->run()
10 SYSTEMPATH\Boot.php(67): CodeIgniter\Boot::runCodeIgniter(Object(CodeIgniter\CodeIgniter))
11 FCPATH\index.php(56): CodeIgniter\Boot::bootWeb(Object(Config\Paths))
12 SYSTEMPATH\rewrite.php(44): require_once('C:\\laragon\\www\\FINAL\\public\\index.php')
CRITICAL - 2024-11-15 20:52:29 --> ErrorException: Undefined variable $doctors
[Method: GET, Route: book-appointment]
in APPPATH\Views\book_appointment.php on line 114.
 1 APPPATH\Views\book_appointment.php(114): CodeIgniter\Debug\Exceptions->errorHandler(2, 'Undefined variable $doctors', 'C:\\laragon\\www\\FINAL\\app\\Views\\book_appointment.php', 114)
 2 SYSTEMPATH\View\View.php(234): include('C:\\laragon\\www\\FINAL\\app\\Views\\book_appointment.php')
 3 SYSTEMPATH\View\View.php(237): CodeIgniter\View\View->CodeIgniter\View\{closure}()
 4 SYSTEMPATH\Common.php(1169): CodeIgniter\View\View->render('book_appointment', [], true)
 5 APPPATH\Controllers\Dashboard.php(27): view('book_appointment')
 6 SYSTEMPATH\CodeIgniter.php(933): App\Controllers\Dashboard->bookAppointment()
 7 SYSTEMPATH\CodeIgniter.php(509): CodeIgniter\CodeIgniter->runController(Object(App\Controllers\Dashboard))
 8 SYSTEMPATH\CodeIgniter.php(355): CodeIgniter\CodeIgniter->handleRequest(null, Object(Config\Cache), false)
 9 SYSTEMPATH\Boot.php(325): CodeIgniter\CodeIgniter->run()
10 SYSTEMPATH\Boot.php(67): CodeIgniter\Boot::runCodeIgniter(Object(CodeIgniter\CodeIgniter))
11 FCPATH\index.php(56): CodeIgniter\Boot::bootWeb(Object(Config\Paths))
12 SYSTEMPATH\rewrite.php(44): require_once('C:\\laragon\\www\\FINAL\\public\\index.php')
CRITICAL - 2024-11-15 20:53:43 --> ErrorException: Undefined variable $doctors
[Method: GET, Route: book-appointment]
in APPPATH\Views\book_appointment.php on line 114.
 1 APPPATH\Views\book_appointment.php(114): CodeIgniter\Debug\Exceptions->errorHandler(2, 'Undefined variable $doctors', 'C:\\laragon\\www\\FINAL\\app\\Views\\book_appointment.php', 114)
 2 SYSTEMPATH\View\View.php(234): include('C:\\laragon\\www\\FINAL\\app\\Views\\book_appointment.php')
 3 SYSTEMPATH\View\View.php(237): CodeIgniter\View\View->CodeIgniter\View\{closure}()
 4 SYSTEMPATH\Common.php(1169): CodeIgniter\View\View->render('book_appointment', [], true)
 5 APPPATH\Controllers\Dashboard.php(37): view('book_appointment')
 6 SYSTEMPATH\CodeIgniter.php(933): App\Controllers\Dashboard->bookAppointment()
 7 SYSTEMPATH\CodeIgniter.php(509): CodeIgniter\CodeIgniter->runController(Object(App\Controllers\Dashboard))
 8 SYSTEMPATH\CodeIgniter.php(355): CodeIgniter\CodeIgniter->handleRequest(null, Object(Config\Cache), false)
 9 SYSTEMPATH\Boot.php(325): CodeIgniter\CodeIgniter->run()
10 SYSTEMPATH\Boot.php(67): CodeIgniter\Boot::runCodeIgniter(Object(CodeIgniter\CodeIgniter))
11 FCPATH\index.php(56): CodeIgniter\Boot::bootWeb(Object(Config\Paths))
12 SYSTEMPATH\rewrite.php(44): require_once('C:\\laragon\\www\\FINAL\\public\\index.php')
CRITICAL - 2024-11-15 20:53:48 --> ErrorException: Undefined variable $doctors
[Method: GET, Route: book-appointment]
in APPPATH\Views\book_appointment.php on line 114.
 1 APPPATH\Views\book_appointment.php(114): CodeIgniter\Debug\Exceptions->errorHandler(2, 'Undefined variable $doctors', 'C:\\laragon\\www\\FINAL\\app\\Views\\book_appointment.php', 114)
 2 SYSTEMPATH\View\View.php(234): include('C:\\laragon\\www\\FINAL\\app\\Views\\book_appointment.php')
 3 SYSTEMPATH\View\View.php(237): CodeIgniter\View\View->CodeIgniter\View\{closure}()
 4 SYSTEMPATH\Common.php(1169): CodeIgniter\View\View->render('book_appointment', [], true)
 5 APPPATH\Controllers\Dashboard.php(27): view('book_appointment')
 6 SYSTEMPATH\CodeIgniter.php(933): App\Controllers\Dashboard->bookAppointment()
 7 SYSTEMPATH\CodeIgniter.php(509): CodeIgniter\CodeIgniter->runController(Object(App\Controllers\Dashboard))
 8 SYSTEMPATH\CodeIgniter.php(355): CodeIgniter\CodeIgniter->handleRequest(null, Object(Config\Cache), false)
 9 SYSTEMPATH\Boot.php(325): CodeIgniter\CodeIgniter->run()
10 SYSTEMPATH\Boot.php(67): CodeIgniter\Boot::runCodeIgniter(Object(CodeIgniter\CodeIgniter))
11 FCPATH\index.php(56): CodeIgniter\Boot::bootWeb(Object(Config\Paths))
12 SYSTEMPATH\rewrite.php(44): require_once('C:\\laragon\\www\\FINAL\\public\\index.php')
CRITICAL - 2024-11-15 20:53:49 --> ErrorException: Undefined variable $doctors
[Method: GET, Route: book-appointment]
in APPPATH\Views\book_appointment.php on line 114.
 1 APPPATH\Views\book_appointment.php(114): CodeIgniter\Debug\Exceptions->errorHandler(2, 'Undefined variable $doctors', 'C:\\laragon\\www\\FINAL\\app\\Views\\book_appointment.php', 114)
 2 SYSTEMPATH\View\View.php(234): include('C:\\laragon\\www\\FINAL\\app\\Views\\book_appointment.php')
 3 SYSTEMPATH\View\View.php(237): CodeIgniter\View\View->CodeIgniter\View\{closure}()
 4 SYSTEMPATH\Common.php(1169): CodeIgniter\View\View->render('book_appointment', [], true)
 5 APPPATH\Controllers\Dashboard.php(27): view('book_appointment')
 6 SYSTEMPATH\CodeIgniter.php(933): App\Controllers\Dashboard->bookAppointment()
 7 SYSTEMPATH\CodeIgniter.php(509): CodeIgniter\CodeIgniter->runController(Object(App\Controllers\Dashboard))
 8 SYSTEMPATH\CodeIgniter.php(355): CodeIgniter\CodeIgniter->handleRequest(null, Object(Config\Cache), false)
 9 SYSTEMPATH\Boot.php(325): CodeIgniter\CodeIgniter->run()
10 SYSTEMPATH\Boot.php(67): CodeIgniter\Boot::runCodeIgniter(Object(CodeIgniter\CodeIgniter))
11 FCPATH\index.php(56): CodeIgniter\Boot::bootWeb(Object(Config\Paths))
12 SYSTEMPATH\rewrite.php(44): require_once('C:\\laragon\\www\\FINAL\\public\\index.php')
CRITICAL - 2024-11-15 23:08:28 --> ErrorException: Undefined variable $doctors
[Method: GET, Route: book-appointment]
in APPPATH\Views\book_appointment.php on line 114.
 1 APPPATH\Views\book_appointment.php(114): CodeIgniter\Debug\Exceptions->errorHandler(2, 'Undefined variable $doctors', 'C:\\laragon\\www\\FINAL\\app\\Views\\book_appointment.php', 114)
 2 SYSTEMPATH\View\View.php(234): include('C:\\laragon\\www\\FINAL\\app\\Views\\book_appointment.php')
 3 SYSTEMPATH\View\View.php(237): CodeIgniter\View\View->CodeIgniter\View\{closure}()
 4 SYSTEMPATH\Common.php(1169): CodeIgniter\View\View->render('book_appointment', [], true)
 5 APPPATH\Controllers\Dashboard.php(27): view('book_appointment')
 6 SYSTEMPATH\CodeIgniter.php(933): App\Controllers\Dashboard->bookAppointment()
 7 SYSTEMPATH\CodeIgniter.php(509): CodeIgniter\CodeIgniter->runController(Object(App\Controllers\Dashboard))
 8 SYSTEMPATH\CodeIgniter.php(355): CodeIgniter\CodeIgniter->handleRequest(null, Object(Config\Cache), false)
 9 SYSTEMPATH\Boot.php(325): CodeIgniter\CodeIgniter->run()
10 SYSTEMPATH\Boot.php(67): CodeIgniter\Boot::runCodeIgniter(Object(CodeIgniter\CodeIgniter))
11 FCPATH\index.php(56): CodeIgniter\Boot::bootWeb(Object(Config\Paths))
12 SYSTEMPATH\rewrite.php(44): require_once('C:\\laragon\\www\\FINAL\\public\\index.php')
CRITICAL - 2024-11-15 23:09:08 --> ErrorException: Undefined variable $doctors
[Method: GET, Route: book-appointment]
in APPPATH\Views\book_appointment.php on line 114.
 1 APPPATH\Views\book_appointment.php(114): CodeIgniter\Debug\Exceptions->errorHandler(2, 'Undefined variable $doctors', 'C:\\laragon\\www\\FINAL\\app\\Views\\book_appointment.php', 114)
 2 SYSTEMPATH\View\View.php(234): include('C:\\laragon\\www\\FINAL\\app\\Views\\book_appointment.php')
 3 SYSTEMPATH\View\View.php(237): CodeIgniter\View\View->CodeIgniter\View\{closure}()
 4 SYSTEMPATH\Common.php(1169): CodeIgniter\View\View->render('book_appointment', [], true)
 5 APPPATH\Controllers\Dashboard.php(27): view('book_appointment')
 6 SYSTEMPATH\CodeIgniter.php(933): App\Controllers\Dashboard->bookAppointment()
 7 SYSTEMPATH\CodeIgniter.php(509): CodeIgniter\CodeIgniter->runController(Object(App\Controllers\Dashboard))
 8 SYSTEMPATH\CodeIgniter.php(355): CodeIgniter\CodeIgniter->handleRequest(null, Object(Config\Cache), false)
 9 SYSTEMPATH\Boot.php(325): CodeIgniter\CodeIgniter->run()
10 SYSTEMPATH\Boot.php(67): CodeIgniter\Boot::runCodeIgniter(Object(CodeIgniter\CodeIgniter))
11 FCPATH\index.php(56): CodeIgniter\Boot::bootWeb(Object(Config\Paths))
12 SYSTEMPATH\rewrite.php(44): require_once('C:\\laragon\\www\\FINAL\\public\\index.php')
CRITICAL - 2024-11-15 23:13:47 --> ErrorException: Undefined variable $doctors
[Method: GET, Route: book-appointment]
in APPPATH\Views\book_appointment.php on line 114.
 1 APPPATH\Views\book_appointment.php(114): CodeIgniter\Debug\Exceptions->errorHandler(2, 'Undefined variable $doctors', 'C:\\laragon\\www\\FINAL\\app\\Views\\book_appointment.php', 114)
 2 SYSTEMPATH\View\View.php(234): include('C:\\laragon\\www\\FINAL\\app\\Views\\book_appointment.php')
 3 SYSTEMPATH\View\View.php(237): CodeIgniter\View\View->CodeIgniter\View\{closure}()
 4 SYSTEMPATH\Common.php(1169): CodeIgniter\View\View->render('book_appointment', [], true)
 5 APPPATH\Controllers\Dashboard.php(27): view('book_appointment')
 6 SYSTEMPATH\CodeIgniter.php(933): App\Controllers\Dashboard->bookAppointment()
 7 SYSTEMPATH\CodeIgniter.php(509): CodeIgniter\CodeIgniter->runController(Object(App\Controllers\Dashboard))
 8 SYSTEMPATH\CodeIgniter.php(355): CodeIgniter\CodeIgniter->handleRequest(null, Object(Config\Cache), false)
 9 SYSTEMPATH\Boot.php(325): CodeIgniter\CodeIgniter->run()
10 SYSTEMPATH\Boot.php(67): CodeIgniter\Boot::runCodeIgniter(Object(CodeIgniter\CodeIgniter))
11 FCPATH\index.php(56): CodeIgniter\Boot::bootWeb(Object(Config\Paths))
12 SYSTEMPATH\rewrite.php(44): require_once('C:\\laragon\\www\\FINAL\\public\\index.php')
CRITICAL - 2024-11-15 23:13:48 --> ErrorException: Undefined variable $doctors
[Method: GET, Route: book-appointment]
in APPPATH\Views\book_appointment.php on line 114.
 1 APPPATH\Views\book_appointment.php(114): CodeIgniter\Debug\Exceptions->errorHandler(2, 'Undefined variable $doctors', 'C:\\laragon\\www\\FINAL\\app\\Views\\book_appointment.php', 114)
 2 SYSTEMPATH\View\View.php(234): include('C:\\laragon\\www\\FINAL\\app\\Views\\book_appointment.php')
 3 SYSTEMPATH\View\View.php(237): CodeIgniter\View\View->CodeIgniter\View\{closure}()
 4 SYSTEMPATH\Common.php(1169): CodeIgniter\View\View->render('book_appointment', [], true)
 5 APPPATH\Controllers\Dashboard.php(27): view('book_appointment')
 6 SYSTEMPATH\CodeIgniter.php(933): App\Controllers\Dashboard->bookAppointment()
 7 SYSTEMPATH\CodeIgniter.php(509): CodeIgniter\CodeIgniter->runController(Object(App\Controllers\Dashboard))
 8 SYSTEMPATH\CodeIgniter.php(355): CodeIgniter\CodeIgniter->handleRequest(null, Object(Config\Cache), false)
 9 SYSTEMPATH\Boot.php(325): CodeIgniter\CodeIgniter->run()
10 SYSTEMPATH\Boot.php(67): CodeIgniter\Boot::runCodeIgniter(Object(CodeIgniter\CodeIgniter))
11 FCPATH\index.php(56): CodeIgniter\Boot::bootWeb(Object(Config\Paths))
12 SYSTEMPATH\rewrite.php(44): require_once('C:\\laragon\\www\\FINAL\\public\\index.php')
CRITICAL - 2024-11-15 23:13:49 --> ErrorException: Undefined variable $doctors
[Method: GET, Route: book-appointment]
in APPPATH\Views\book_appointment.php on line 114.
 1 APPPATH\Views\book_appointment.php(114): CodeIgniter\Debug\Exceptions->errorHandler(2, 'Undefined variable $doctors', 'C:\\laragon\\www\\FINAL\\app\\Views\\book_appointment.php', 114)
 2 SYSTEMPATH\View\View.php(234): include('C:\\laragon\\www\\FINAL\\app\\Views\\book_appointment.php')
 3 SYSTEMPATH\View\View.php(237): CodeIgniter\View\View->CodeIgniter\View\{closure}()
 4 SYSTEMPATH\Common.php(1169): CodeIgniter\View\View->render('book_appointment', [], true)
 5 APPPATH\Controllers\Dashboard.php(27): view('book_appointment')
 6 SYSTEMPATH\CodeIgniter.php(933): App\Controllers\Dashboard->bookAppointment()
 7 SYSTEMPATH\CodeIgniter.php(509): CodeIgniter\CodeIgniter->runController(Object(App\Controllers\Dashboard))
 8 SYSTEMPATH\CodeIgniter.php(355): CodeIgniter\CodeIgniter->handleRequest(null, Object(Config\Cache), false)
 9 SYSTEMPATH\Boot.php(325): CodeIgniter\CodeIgniter->run()
10 SYSTEMPATH\Boot.php(67): CodeIgniter\Boot::runCodeIgniter(Object(CodeIgniter\CodeIgniter))
11 FCPATH\index.php(56): CodeIgniter\Boot::bootWeb(Object(Config\Paths))
12 SYSTEMPATH\rewrite.php(44): require_once('C:\\laragon\\www\\FINAL\\public\\index.php')
CRITICAL - 2024-11-15 23:14:22 --> ErrorException: Undefined variable $doctors
[Method: GET, Route: book-appointment]
in APPPATH\Views\book_appointment.php on line 114.
 1 APPPATH\Views\book_appointment.php(114): CodeIgniter\Debug\Exceptions->errorHandler(2, 'Undefined variable $doctors', 'C:\\laragon\\www\\FINAL\\app\\Views\\book_appointment.php', 114)
 2 SYSTEMPATH\View\View.php(234): include('C:\\laragon\\www\\FINAL\\app\\Views\\book_appointment.php')
 3 SYSTEMPATH\View\View.php(237): CodeIgniter\View\View->CodeIgniter\View\{closure}()
 4 SYSTEMPATH\Common.php(1169): CodeIgniter\View\View->render('book_appointment', [], true)
 5 APPPATH\Controllers\Dashboard.php(27): view('book_appointment')
 6 SYSTEMPATH\CodeIgniter.php(933): App\Controllers\Dashboard->bookAppointment()
 7 SYSTEMPATH\CodeIgniter.php(509): CodeIgniter\CodeIgniter->runController(Object(App\Controllers\Dashboard))
 8 SYSTEMPATH\CodeIgniter.php(355): CodeIgniter\CodeIgniter->handleRequest(null, Object(Config\Cache), false)
 9 SYSTEMPATH\Boot.php(325): CodeIgniter\CodeIgniter->run()
10 SYSTEMPATH\Boot.php(67): CodeIgniter\Boot::runCodeIgniter(Object(CodeIgniter\CodeIgniter))
11 FCPATH\index.php(56): CodeIgniter\Boot::bootWeb(Object(Config\Paths))
12 SYSTEMPATH\rewrite.php(44): require_once('C:\\laragon\\www\\FINAL\\public\\index.php')
CRITICAL - 2024-11-15 23:16:40 --> ErrorException: Undefined variable $doctors
[Method: GET, Route: book-appointment]
in APPPATH\Views\book_appointment.php on line 114.
 1 APPPATH\Views\book_appointment.php(114): CodeIgniter\Debug\Exceptions->errorHandler(2, 'Undefined variable $doctors', 'C:\\laragon\\www\\FINAL\\app\\Views\\book_appointment.php', 114)
 2 SYSTEMPATH\View\View.php(234): include('C:\\laragon\\www\\FINAL\\app\\Views\\book_appointment.php')
 3 SYSTEMPATH\View\View.php(237): CodeIgniter\View\View->CodeIgniter\View\{closure}()
 4 SYSTEMPATH\Common.php(1169): CodeIgniter\View\View->render('book_appointment', [], true)
 5 APPPATH\Controllers\Dashboard.php(27): view('book_appointment')
 6 SYSTEMPATH\CodeIgniter.php(933): App\Controllers\Dashboard->bookAppointment()
 7 SYSTEMPATH\CodeIgniter.php(509): CodeIgniter\CodeIgniter->runController(Object(App\Controllers\Dashboard))
 8 SYSTEMPATH\CodeIgniter.php(355): CodeIgniter\CodeIgniter->handleRequest(null, Object(Config\Cache), false)
 9 SYSTEMPATH\Boot.php(325): CodeIgniter\CodeIgniter->run()
10 SYSTEMPATH\Boot.php(67): CodeIgniter\Boot::runCodeIgniter(Object(CodeIgniter\CodeIgniter))
11 FCPATH\index.php(56): CodeIgniter\Boot::bootWeb(Object(Config\Paths))
12 SYSTEMPATH\rewrite.php(44): require_once('C:\\laragon\\www\\FINAL\\public\\index.php')
CRITICAL - 2024-11-15 23:16:41 --> ErrorException: Undefined variable $doctors
[Method: GET, Route: book-appointment]
in APPPATH\Views\book_appointment.php on line 114.
 1 APPPATH\Views\book_appointment.php(114): CodeIgniter\Debug\Exceptions->errorHandler(2, 'Undefined variable $doctors', 'C:\\laragon\\www\\FINAL\\app\\Views\\book_appointment.php', 114)
 2 SYSTEMPATH\View\View.php(234): include('C:\\laragon\\www\\FINAL\\app\\Views\\book_appointment.php')
 3 SYSTEMPATH\View\View.php(237): CodeIgniter\View\View->CodeIgniter\View\{closure}()
 4 SYSTEMPATH\Common.php(1169): CodeIgniter\View\View->render('book_appointment', [], true)
 5 APPPATH\Controllers\Dashboard.php(27): view('book_appointment')
 6 SYSTEMPATH\CodeIgniter.php(933): App\Controllers\Dashboard->bookAppointment()
 7 SYSTEMPATH\CodeIgniter.php(509): CodeIgniter\CodeIgniter->runController(Object(App\Controllers\Dashboard))
 8 SYSTEMPATH\CodeIgniter.php(355): CodeIgniter\CodeIgniter->handleRequest(null, Object(Config\Cache), false)
 9 SYSTEMPATH\Boot.php(325): CodeIgniter\CodeIgniter->run()
10 SYSTEMPATH\Boot.php(67): CodeIgniter\Boot::runCodeIgniter(Object(CodeIgniter\CodeIgniter))
11 FCPATH\index.php(56): CodeIgniter\Boot::bootWeb(Object(Config\Paths))
12 SYSTEMPATH\rewrite.php(44): require_once('C:\\laragon\\www\\FINAL\\public\\index.php')
CRITICAL - 2024-11-15 23:16:44 --> ErrorException: Undefined variable $doctors
[Method: GET, Route: book-appointment]
in APPPATH\Views\book_appointment.php on line 114.
 1 APPPATH\Views\book_appointment.php(114): CodeIgniter\Debug\Exceptions->errorHandler(2, 'Undefined variable $doctors', 'C:\\laragon\\www\\FINAL\\app\\Views\\book_appointment.php', 114)
 2 SYSTEMPATH\View\View.php(234): include('C:\\laragon\\www\\FINAL\\app\\Views\\book_appointment.php')
 3 SYSTEMPATH\View\View.php(237): CodeIgniter\View\View->CodeIgniter\View\{closure}()
 4 SYSTEMPATH\Common.php(1169): CodeIgniter\View\View->render('book_appointment', [], true)
 5 APPPATH\Controllers\Dashboard.php(27): view('book_appointment')
 6 SYSTEMPATH\CodeIgniter.php(933): App\Controllers\Dashboard->bookAppointment()
 7 SYSTEMPATH\CodeIgniter.php(509): CodeIgniter\CodeIgniter->runController(Object(App\Controllers\Dashboard))
 8 SYSTEMPATH\CodeIgniter.php(355): CodeIgniter\CodeIgniter->handleRequest(null, Object(Config\Cache), false)
 9 SYSTEMPATH\Boot.php(325): CodeIgniter\CodeIgniter->run()
10 SYSTEMPATH\Boot.php(67): CodeIgniter\Boot::runCodeIgniter(Object(CodeIgniter\CodeIgniter))
11 FCPATH\index.php(56): CodeIgniter\Boot::bootWeb(Object(Config\Paths))
12 SYSTEMPATH\rewrite.php(44): require_once('C:\\laragon\\www\\FINAL\\public\\index.php')
CRITICAL - 2024-11-15 23:16:55 --> ErrorException: Undefined variable $doctors
[Method: GET, Route: book-appointment]
in APPPATH\Views\book_appointment.php on line 114.
 1 APPPATH\Views\book_appointment.php(114): CodeIgniter\Debug\Exceptions->errorHandler(2, 'Undefined variable $doctors', 'C:\\laragon\\www\\FINAL\\app\\Views\\book_appointment.php', 114)
 2 SYSTEMPATH\View\View.php(234): include('C:\\laragon\\www\\FINAL\\app\\Views\\book_appointment.php')
 3 SYSTEMPATH\View\View.php(237): CodeIgniter\View\View->CodeIgniter\View\{closure}()
 4 SYSTEMPATH\Common.php(1169): CodeIgniter\View\View->render('book_appointment', [], true)
 5 APPPATH\Controllers\Dashboard.php(27): view('book_appointment')
 6 SYSTEMPATH\CodeIgniter.php(933): App\Controllers\Dashboard->bookAppointment()
 7 SYSTEMPATH\CodeIgniter.php(509): CodeIgniter\CodeIgniter->runController(Object(App\Controllers\Dashboard))
 8 SYSTEMPATH\CodeIgniter.php(355): CodeIgniter\CodeIgniter->handleRequest(null, Object(Config\Cache), false)
 9 SYSTEMPATH\Boot.php(325): CodeIgniter\CodeIgniter->run()
10 SYSTEMPATH\Boot.php(67): CodeIgniter\Boot::runCodeIgniter(Object(CodeIgniter\CodeIgniter))
11 FCPATH\index.php(56): CodeIgniter\Boot::bootWeb(Object(Config\Paths))
12 SYSTEMPATH\rewrite.php(44): require_once('C:\\laragon\\www\\FINAL\\public\\index.php')
